<?xml version="1.0" encoding="UTF-8" ?>
<testsuite failures="0" time="6.224" errors="2" skipped="0" tests="6" name="com.marsapps.iautomech.service.ManufacturerServiceImplTest">
  <properties>
[...]
</properties>
  <testcase time="4.727" classname="com.marsapps.iautomech.service.ManufacturerServiceImplTest" name="testGetAllManufacturers"/>
  <testcase time="0.171" classname="com.marsapps.iautomech.service.ManufacturerServiceImplTest" name="testAddManufacturer"/>
  <testcase time="0.172" classname="com.marsapps.iautomech.service.ManufacturerServiceImplTest" name="removeManufacturer"/>
  <testcase time="0.265" classname="com.marsapps.iautomech.service.ManufacturerServiceImplTest" name="testFindByIds"/>
  <testcase time="0.234" classname="com.marsapps.iautomech.service.ManufacturerServiceImplTest" name="testFindManufacturer">
    <error message="query did not return a unique result: 2" type="org.hibernate.NonUniqueResultException">org.hibernate.NonUniqueResultException: query did not return a unique result: 2
	at org.hibernate.internal.AbstractQueryImpl.uniqueElement(AbstractQueryImpl.java:975)
	at org.hibernate.internal.CriteriaImpl.uniqueResult(CriteriaImpl.java:402)
	at com.marsapps.iautomech.dao.AbstractBaseDAO.findLike(AbstractBaseDAO.java:46)
	at com.marsapps.iautomech.dao.ManufacturerDAOImpl.findLike(ManufacturerDAOImpl.java:61)
	at com.marsapps.iautomech.service.ManufacturerServiceImpl.findLike(ManufacturerServiceImpl.java:44)
	at sun.reflect.NativeMethodAccessorImpl.invoke0(Native Method)
	at sun.reflect.NativeMethodAccessorImpl.invoke(NativeMethodAccessorImpl.java:39)
	at sun.reflect.DelegatingMethodAccessorImpl.invoke(DelegatingMethodAccessorImpl.java:25)
	at java.lang.reflect.Method.invoke(Method.java:597)
	at org.springframework.aop.support.AopUtils.invokeJoinpointUsingReflection(AopUtils.java:317)
	at org.springframework.aop.framework.ReflectiveMethodInvocation.invokeJoinpoint(ReflectiveMethodInvocation.java:190)
	at org.springframework.aop.framework.ReflectiveMethodInvocation.proceed(ReflectiveMethodInvocation.java:157)
	at org.springframework.transaction.interceptor.TransactionInterceptor$1.proceedWithInvocation(TransactionInterceptor.java:98)
	at org.springframework.transaction.interceptor.TransactionAspectSupport.invokeWithinTransaction(TransactionAspectSupport.java:262)
	at org.springframework.transaction.interceptor.TransactionInterceptor.invoke(TransactionInterceptor.java:95)
	at org.springframework.aop.framework.ReflectiveMethodInvocation.proceed(ReflectiveMethodInvocation.java:179)
	at org.springframework.aop.framework.JdkDynamicAopProxy.invoke(JdkDynamicAopProxy.java:207)
	at $Proxy35.findLike(Unknown Source)
	at com.marsapps.iautomech.service.ManufacturerServiceImplTest.testFindManufacturer(ManufacturerServiceImplTest.java:131)
	at sun.reflect.NativeMethodAccessorImpl.invoke0(Native Method)
	at sun.reflect.NativeMethodAccessorImpl.invoke(NativeMethodAccessorImpl.java:39)
	at sun.reflect.DelegatingMethodAccessorImpl.invoke(DelegatingMethodAccessorImpl.java:25)
	at java.lang.reflect.Method.invoke(Method.java:597)
	at org.junit.runners.model.FrameworkMethod$1.runReflectiveCall(FrameworkMethod.java:47)
	at org.junit.internal.runners.model.ReflectiveCallable.run(ReflectiveCallable.java:12)
	at org.junit.runners.model.FrameworkMethod.invokeExplosively(FrameworkMethod.java:44)
	at org.junit.internal.runners.statements.InvokeMethod.evaluate(InvokeMethod.java:17)
	at org.junit.internal.runners.statements.RunBefores.evaluate(RunBefores.java:26)
	at org.springframework.test.context.junit4.statements.RunBeforeTestMethodCallbacks.evaluate(RunBeforeTestMethodCallbacks.java:74)
	at org.springframework.test.context.junit4.statements.RunAfterTestMethodCallbacks.evaluate(RunAfterTestMethodCallbacks.java:83)
	at org.springframework.test.context.junit4.statements.SpringRepeat.evaluate(SpringRepeat.java:72)
	at org.springframework.test.context.junit4.SpringJUnit4ClassRunner.runChild(SpringJUnit4ClassRunner.java:233)
	at org.springframework.test.context.junit4.SpringJUnit4ClassRunner.runChild(SpringJUnit4ClassRunner.java:87)
	at org.junit.runners.ParentRunner$3.run(ParentRunner.java:238)
	at org.junit.runners.ParentRunner$1.schedule(ParentRunner.java:63)
	at org.junit.runners.ParentRunner.runChildren(ParentRunner.java:236)
	at org.junit.runners.ParentRunner.access$000(ParentRunner.java:53)
	at org.junit.runners.ParentRunner$2.evaluate(ParentRunner.java:229)
	at org.springframework.test.context.junit4.statements.RunBeforeTestClassCallbacks.evaluate(RunBeforeTestClassCallbacks.java:61)
	at org.springframework.test.context.junit4.statements.RunAfterTestClassCallbacks.evaluate(RunAfterTestClassCallbacks.java:71)
	at org.junit.runners.ParentRunner.run(ParentRunner.java:309)
	at org.springframework.test.context.junit4.SpringJUnit4ClassRunner.run(SpringJUnit4ClassRunner.java:176)
	at org.apache.maven.surefire.junit4.JUnit4Provider.execute(JUnit4Provider.java:252)
	at org.apache.maven.surefire.junit4.JUnit4Provider.executeTestSet(JUnit4Provider.java:141)
	at org.apache.maven.surefire.junit4.JUnit4Provider.invoke(JUnit4Provider.java:112)
	at sun.reflect.NativeMethodAccessorImpl.invoke0(Native Method)
	at sun.reflect.NativeMethodAccessorImpl.invoke(NativeMethodAccessorImpl.java:39)
	at sun.reflect.DelegatingMethodAccessorImpl.invoke(DelegatingMethodAccessorImpl.java:25)
	at java.lang.reflect.Method.invoke(Method.java:597)
	at org.apache.maven.surefire.util.ReflectionUtils.invokeMethodWithArray(ReflectionUtils.java:189)
	at org.apache.maven.surefire.booter.ProviderFactory$ProviderProxy.invoke(ProviderFactory.java:165)
	at org.apache.maven.surefire.booter.ProviderFactory.invokeProvider(ProviderFactory.java:85)
	at org.apache.maven.surefire.booter.ForkedBooter.runSuitesInProcess(ForkedBooter.java:115)
	at org.apache.maven.surefire.booter.ForkedBooter.main(ForkedBooter.java:75)
</error>
    <system-out>2014-07-30 09:46:44 DEBUG ProfileValueUtils:70 - Retrieved @ProfileValueSourceConfiguration [null] for test class [com.marsapps.iautomech.service.ManufacturerServiceImplTest]
2014-07-30 09:46:44 DEBUG ProfileValueUtils:82 - Retrieved ProfileValueSource type [class org.springframework.test.annotation.SystemProfileValueSource] for class [com.marsapps.iautomech.service.ManufacturerServiceImplTest]
2014-07-30 09:46:44 DEBUG CacheAwareContextLoaderDelegate:104 - Retrieved ApplicationContext from cache with key [[WebMergedContextConfiguration@100ab23 testClass = ManufacturerServiceImplTest, locations = &apos;{file:src/main/webapp/WEB-INF/dispatcher-servlet.xml}&apos;, classes = &apos;{}&apos;, contextInitializerClasses = &apos;[]&apos;, activeProfiles = &apos;{}&apos;, resourceBasePath = &apos;src/main/webapp&apos;, contextLoader = &apos;org.springframework.test.context.web.WebDelegatingSmartContextLoader&apos;, parent = [null]]].
2014-07-30 09:46:44 DEBUG ServletTestExecutionListener:171 - Setting up MockHttpServletRequest, MockHttpServletResponse, ServletWebRequest, and RequestContextHolder for test context [DefaultTestContext@169d75d testClass = ManufacturerServiceImplTest, testInstance = com.marsapps.iautomech.service.ManufacturerServiceImplTest@1f85a86, testMethod = [null], testException = [null], mergedContextConfiguration = [WebMergedContextConfiguration@100ab23 testClass = ManufacturerServiceImplTest, locations = &apos;{file:src/main/webapp/WEB-INF/dispatcher-servlet.xml}&apos;, classes = &apos;{}&apos;, contextInitializerClasses = &apos;[]&apos;, activeProfiles = &apos;{}&apos;, resourceBasePath = &apos;src/main/webapp&apos;, contextLoader = &apos;org.springframework.test.context.web.WebDelegatingSmartContextLoader&apos;, parent = [null]]].
2014-07-30 09:46:44 DEBUG DependencyInjectionTestExecutionListener:73 - Performing dependency injection for test context [[DefaultTestContext@169d75d testClass = ManufacturerServiceImplTest, testInstance = com.marsapps.iautomech.service.ManufacturerServiceImplTest@1f85a86, testMethod = [null], testException = [null], mergedContextConfiguration = [WebMergedContextConfiguration@100ab23 testClass = ManufacturerServiceImplTest, locations = &apos;{file:src/main/webapp/WEB-INF/dispatcher-servlet.xml}&apos;, classes = &apos;{}&apos;, contextInitializerClasses = &apos;[]&apos;, activeProfiles = &apos;{}&apos;, resourceBasePath = &apos;src/main/webapp&apos;, contextLoader = &apos;org.springframework.test.context.web.WebDelegatingSmartContextLoader&apos;, parent = [null]]]].
2014-07-30 09:46:44 DEBUG CacheAwareContextLoaderDelegate:104 - Retrieved ApplicationContext from cache with key [[WebMergedContextConfiguration@100ab23 testClass = ManufacturerServiceImplTest, locations = &apos;{file:src/main/webapp/WEB-INF/dispatcher-servlet.xml}&apos;, classes = &apos;{}&apos;, contextInitializerClasses = &apos;[]&apos;, activeProfiles = &apos;{}&apos;, resourceBasePath = &apos;src/main/webapp&apos;, contextLoader = &apos;org.springframework.test.context.web.WebDelegatingSmartContextLoader&apos;, parent = [null]]].
2014-07-30 09:46:44 DEBUG InjectionMetadata:85 - Processing injected method of bean &apos;com.marsapps.iautomech.service.ManufacturerServiceImplTest&apos;: AutowiredFieldElement for private com.marsapps.iautomech.service.ManufacturerService com.marsapps.iautomech.service.ManufacturerServiceImplTest.service
2014-07-30 09:46:44 DEBUG DefaultListableBeanFactory:249 - Returning cached instance of singleton bean &apos;manufacturerServiceImpl&apos;
2014-07-30 09:46:44 DEBUG DefaultListableBeanFactory:249 - Returning cached instance of singleton bean &apos;org.springframework.transaction.config.internalTransactionAdvisor&apos;
2014-07-30 09:46:44 DEBUG InfrastructureAdvisorAutoProxyCreator:593 - Creating implicit proxy for bean &apos;com.marsapps.iautomech.service.ManufacturerServiceImplTest&apos; with 0 common interceptors and 1 specific interceptors
2014-07-30 09:46:44 DEBUG CglibAopProxy:158 - Creating CGLIB proxy: target source is SingletonTargetSource for target object [com.marsapps.iautomech.service.ManufacturerServiceImplTest@1f85a86]
2014-07-30 09:46:44 DEBUG AnnotationTransactionAttributeSource:108 - Adding transactional method &apos;ManufacturerServiceImplTest.testFindManufacturer&apos; with attribute: PROPAGATION_REQUIRED,ISOLATION_DEFAULT; &apos;&apos;
2014-07-30 09:46:44 DEBUG TransactionalTestExecutionListener:154 - Explicit transaction definition [PROPAGATION_REQUIRED,ISOLATION_DEFAULT; &apos;&apos;] found for test context [DefaultTestContext@169d75d testClass = ManufacturerServiceImplTest, testInstance = com.marsapps.iautomech.service.ManufacturerServiceImplTest@1f85a86, testMethod = testFindManufacturer@ManufacturerServiceImplTest, testException = [null], mergedContextConfiguration = [WebMergedContextConfiguration@100ab23 testClass = ManufacturerServiceImplTest, locations = &apos;{file:src/main/webapp/WEB-INF/dispatcher-servlet.xml}&apos;, classes = &apos;{}&apos;, contextInitializerClasses = &apos;[]&apos;, activeProfiles = &apos;{}&apos;, resourceBasePath = &apos;src/main/webapp&apos;, contextLoader = &apos;org.springframework.test.context.web.WebDelegatingSmartContextLoader&apos;, parent = [null]]]
2014-07-30 09:46:44 DEBUG CacheAwareContextLoaderDelegate:104 - Retrieved ApplicationContext from cache with key [[WebMergedContextConfiguration@100ab23 testClass = ManufacturerServiceImplTest, locations = &apos;{file:src/main/webapp/WEB-INF/dispatcher-servlet.xml}&apos;, classes = &apos;{}&apos;, contextInitializerClasses = &apos;[]&apos;, activeProfiles = &apos;{}&apos;, resourceBasePath = &apos;src/main/webapp&apos;, contextLoader = &apos;org.springframework.test.context.web.WebDelegatingSmartContextLoader&apos;, parent = [null]]].
2014-07-30 09:46:44 DEBUG DefaultListableBeanFactory:249 - Returning cached instance of singleton bean &apos;transactionManager&apos;
2014-07-30 09:46:44 DEBUG HibernateTransactionManager:367 - Creating new transaction with name [testFindManufacturer]: PROPAGATION_REQUIRED,ISOLATION_DEFAULT; &apos;&apos;
2014-07-30 09:46:44 DEBUG HibernateTransactionManager:417 - Opened new Session [SessionImpl(PersistenceContext[entityKeys=[],collectionKeys=[]];ActionQueue[insertions=org.hibernate.engine.spi.ExecutableList@1e26d42 updates=org.hibernate.engine.spi.ExecutableList@731e90 deletions=org.hibernate.engine.spi.ExecutableList@1db8f8e orphanRemovals=org.hibernate.engine.spi.ExecutableList@1adbfde collectionCreations=org.hibernate.engine.spi.ExecutableList@fb0b0 collectionRemovals=org.hibernate.engine.spi.ExecutableList@18ff27 collectionUpdates=org.hibernate.engine.spi.ExecutableList@1177115 collectionQueuedOps=org.hibernate.engine.spi.ExecutableList@150a0 unresolvedInsertDependencies=UnresolvedEntityInsertActions[]])] for Hibernate transaction
2014-07-30 09:46:44 DEBUG HibernateTransactionManager:427 - Preparing JDBC Connection of Hibernate Session [SessionImpl(PersistenceContext[entityKeys=[],collectionKeys=[]];ActionQueue[insertions=org.hibernate.engine.spi.ExecutableList@1e26d42 updates=org.hibernate.engine.spi.ExecutableList@731e90 deletions=org.hibernate.engine.spi.ExecutableList@1db8f8e orphanRemovals=org.hibernate.engine.spi.ExecutableList@1adbfde collectionCreations=org.hibernate.engine.spi.ExecutableList@fb0b0 collectionRemovals=org.hibernate.engine.spi.ExecutableList@18ff27 collectionUpdates=org.hibernate.engine.spi.ExecutableList@1177115 collectionQueuedOps=org.hibernate.engine.spi.ExecutableList@150a0 unresolvedInsertDependencies=UnresolvedEntityInsertActions[]])]
2014-07-30 09:46:44 DEBUG LogicalConnectionImpl:226 - Obtaining JDBC connection
2014-07-30 09:46:44 DEBUG LogicalConnectionImpl:232 - Obtained JDBC connection
2014-07-30 09:46:44 DEBUG AbstractTransactionImpl:160 - begin
2014-07-30 09:46:44 DEBUG JdbcTransaction:69 - initial autocommit status: true
2014-07-30 09:46:44 DEBUG JdbcTransaction:71 - disabling autocommit
2014-07-30 09:46:44 DEBUG HibernateTransactionManager:488 - Exposing Hibernate transaction as JDBC transaction [jdbc:mysql://127.0.0.1:3306/test, UserName=root@localhost, MySQL Connector Java]
2014-07-30 09:46:44 DEBUG TransactionalTestExecutionListener:429 - No method-level @Rollback override: using default rollback [true] for test context [DefaultTestContext@169d75d testClass = ManufacturerServiceImplTest, testInstance = com.marsapps.iautomech.service.ManufacturerServiceImplTest@1f85a86, testMethod = testFindManufacturer@ManufacturerServiceImplTest, testException = [null], mergedContextConfiguration = [WebMergedContextConfiguration@100ab23 testClass = ManufacturerServiceImplTest, locations = &apos;{file:src/main/webapp/WEB-INF/dispatcher-servlet.xml}&apos;, classes = &apos;{}&apos;, contextInitializerClasses = &apos;[]&apos;, activeProfiles = &apos;{}&apos;, resourceBasePath = &apos;src/main/webapp&apos;, contextLoader = &apos;org.springframework.test.context.web.WebDelegatingSmartContextLoader&apos;, parent = [null]]].
2014-07-30 09:46:44 INFO  TransactionalTestExecutionListener:276 - Began transaction (5) for test context [DefaultTestContext@169d75d testClass = ManufacturerServiceImplTest, testInstance = com.marsapps.iautomech.service.ManufacturerServiceImplTest@1f85a86, testMethod = testFindManufacturer@ManufacturerServiceImplTest, testException = [null], mergedContextConfiguration = [WebMergedContextConfiguration@100ab23 testClass = ManufacturerServiceImplTest, locations = &apos;{file:src/main/webapp/WEB-INF/dispatcher-servlet.xml}&apos;, classes = &apos;{}&apos;, contextInitializerClasses = &apos;[]&apos;, activeProfiles = &apos;{}&apos;, resourceBasePath = &apos;src/main/webapp&apos;, contextLoader = &apos;org.springframework.test.context.web.WebDelegatingSmartContextLoader&apos;, parent = [null]]]; transaction manager [org.springframework.orm.hibernate4.HibernateTransactionManager@178feba]; rollback [true]
2014-07-30 09:46:44 DEBUG DefaultListableBeanFactory:249 - Returning cached instance of singleton bean &apos;transactionManager&apos;
2014-07-30 09:46:44 DEBUG HibernateTransactionManager:362 - Found thread-bound Session [SessionImpl(PersistenceContext[entityKeys=[],collectionKeys=[]];ActionQueue[insertions=org.hibernate.engine.spi.ExecutableList@1e26d42 updates=org.hibernate.engine.spi.ExecutableList@731e90 deletions=org.hibernate.engine.spi.ExecutableList@1db8f8e orphanRemovals=org.hibernate.engine.spi.ExecutableList@1adbfde collectionCreations=org.hibernate.engine.spi.ExecutableList@fb0b0 collectionRemovals=org.hibernate.engine.spi.ExecutableList@18ff27 collectionUpdates=org.hibernate.engine.spi.ExecutableList@1177115 collectionQueuedOps=org.hibernate.engine.spi.ExecutableList@150a0 unresolvedInsertDependencies=UnresolvedEntityInsertActions[]])] for Hibernate transaction
2014-07-30 09:46:44 DEBUG HibernateTransactionManager:472 - Participating in existing transaction
2014-07-30 09:46:44 DEBUG ActionQueue:192 - Executing identity-insert immediately
2014-07-30 09:46:44 DEBUG SQL:109 - insert into manufacturer (contact_name, contact_number, name) values (?, ?, ?)
Hibernate: insert into manufacturer (contact_name, contact_number, name) values (?, ?, ?)
2014-07-30 09:46:44 DEBUG IdentifierGeneratorHelper:94 - Natively generated identity: 18282
2014-07-30 09:46:44 DEBUG DefaultListableBeanFactory:249 - Returning cached instance of singleton bean &apos;transactionManager&apos;
2014-07-30 09:46:44 DEBUG HibernateTransactionManager:362 - Found thread-bound Session [SessionImpl(PersistenceContext[entityKeys=[EntityKey[com.marsapps.iautomech.domain.Manufacturer#18282]],collectionKeys=[]];ActionQueue[insertions=org.hibernate.engine.spi.ExecutableList@1e26d42 updates=org.hibernate.engine.spi.ExecutableList@731e90 deletions=org.hibernate.engine.spi.ExecutableList@1db8f8e orphanRemovals=org.hibernate.engine.spi.ExecutableList@1adbfde collectionCreations=org.hibernate.engine.spi.ExecutableList@fb0b0 collectionRemovals=org.hibernate.engine.spi.ExecutableList@18ff27 collectionUpdates=org.hibernate.engine.spi.ExecutableList@1177115 collectionQueuedOps=org.hibernate.engine.spi.ExecutableList@150a0 unresolvedInsertDependencies=UnresolvedEntityInsertActions[]])] for Hibernate transaction
2014-07-30 09:46:44 DEBUG HibernateTransactionManager:472 - Participating in existing transaction
2014-07-30 09:46:44 DEBUG ActionQueue:192 - Executing identity-insert immediately
2014-07-30 09:46:44 DEBUG SQL:109 - insert into manufacturer (contact_name, contact_number, name) values (?, ?, ?)
Hibernate: insert into manufacturer (contact_name, contact_number, name) values (?, ?, ?)
2014-07-30 09:46:44 DEBUG IdentifierGeneratorHelper:94 - Natively generated identity: 18283
2014-07-30 09:46:44 DEBUG DefaultListableBeanFactory:249 - Returning cached instance of singleton bean &apos;transactionManager&apos;
2014-07-30 09:46:44 DEBUG HibernateTransactionManager:362 - Found thread-bound Session [SessionImpl(PersistenceContext[entityKeys=[EntityKey[com.marsapps.iautomech.domain.Manufacturer#18283], EntityKey[com.marsapps.iautomech.domain.Manufacturer#18282]],collectionKeys=[]];ActionQueue[insertions=org.hibernate.engine.spi.ExecutableList@1e26d42 updates=org.hibernate.engine.spi.ExecutableList@731e90 deletions=org.hibernate.engine.spi.ExecutableList@1db8f8e orphanRemovals=org.hibernate.engine.spi.ExecutableList@1adbfde collectionCreations=org.hibernate.engine.spi.ExecutableList@fb0b0 collectionRemovals=org.hibernate.engine.spi.ExecutableList@18ff27 collectionUpdates=org.hibernate.engine.spi.ExecutableList@1177115 collectionQueuedOps=org.hibernate.engine.spi.ExecutableList@150a0 unresolvedInsertDependencies=UnresolvedEntityInsertActions[]])] for Hibernate transaction
2014-07-30 09:46:44 DEBUG HibernateTransactionManager:472 - Participating in existing transaction
2014-07-30 09:46:44 DEBUG AnnotationTransactionAttributeSource:108 - Adding transactional method &apos;ManufacturerServiceImpl.findLike&apos; with attribute: PROPAGATION_REQUIRED,ISOLATION_DEFAULT; &apos;&apos;
2014-07-30 09:46:44 DEBUG DefaultListableBeanFactory:249 - Returning cached instance of singleton bean &apos;transactionManager&apos;
2014-07-30 09:46:44 DEBUG HibernateTransactionManager:362 - Found thread-bound Session [SessionImpl(PersistenceContext[entityKeys=[EntityKey[com.marsapps.iautomech.domain.Manufacturer#18283], EntityKey[com.marsapps.iautomech.domain.Manufacturer#18282]],collectionKeys=[]];ActionQueue[insertions=org.hibernate.engine.spi.ExecutableList@1e26d42 updates=org.hibernate.engine.spi.ExecutableList@731e90 deletions=org.hibernate.engine.spi.ExecutableList@1db8f8e orphanRemovals=org.hibernate.engine.spi.ExecutableList@1adbfde collectionCreations=org.hibernate.engine.spi.ExecutableList@fb0b0 collectionRemovals=org.hibernate.engine.spi.ExecutableList@18ff27 collectionUpdates=org.hibernate.engine.spi.ExecutableList@1177115 collectionQueuedOps=org.hibernate.engine.spi.ExecutableList@150a0 unresolvedInsertDependencies=UnresolvedEntityInsertActions[]])] for Hibernate transaction
2014-07-30 09:46:44 DEBUG HibernateTransactionManager:472 - Participating in existing transaction
2014-07-30 09:46:44 DEBUG AbstractFlushingEventListener:149 - Processing flush-time cascades
2014-07-30 09:46:44 DEBUG AbstractFlushingEventListener:189 - Dirty checking collections
2014-07-30 09:46:44 DEBUG AbstractFlushingEventListener:123 - Flushed: 0 insertions, 0 updates, 0 deletions to 2 objects
2014-07-30 09:46:44 DEBUG AbstractFlushingEventListener:130 - Flushed: 0 (re)creations, 0 updates, 0 removals to 0 collections
2014-07-30 09:46:44 DEBUG EntityPrinter:114 - Listing entities:
2014-07-30 09:46:44 DEBUG EntityPrinter:121 - com.marsapps.iautomech.domain.Manufacturer{id=18283, contactNumber=null, contactName=Carcelis, name=MarsTmpWalbro, parts=null}
2014-07-30 09:46:44 DEBUG EntityPrinter:121 - com.marsapps.iautomech.domain.Manufacturer{id=18282, contactNumber=null, contactName=Marcelo, name=TmpWalbro, parts=null}
2014-07-30 09:46:44 DEBUG SQL:109 - select this_.manufacturer_id as manufact1_0_0_, this_.contact_name as contact_2_0_0_, this_.contact_number as contact_3_0_0_, this_.name as name4_0_0_ from manufacturer this_ where (lower(this_.contact_name) like ? and lower(this_.name) like ?)
Hibernate: select this_.manufacturer_id as manufact1_0_0_, this_.contact_name as contact_2_0_0_, this_.contact_number as contact_3_0_0_, this_.name as name4_0_0_ from manufacturer this_ where (lower(this_.contact_name) like ? and lower(this_.name) like ?)
2014-07-30 09:46:44 DEBUG Loader:951 - Result set row: 0
2014-07-30 09:46:44 DEBUG Loader:1485 - Result row: EntityKey[com.marsapps.iautomech.domain.Manufacturer#18282]
2014-07-30 09:46:44 DEBUG Loader:951 - Result set row: 1
2014-07-30 09:46:44 DEBUG Loader:1485 - Result row: EntityKey[com.marsapps.iautomech.domain.Manufacturer#18283]
2014-07-30 09:46:44 DEBUG HibernateTransactionManager:854 - Participating transaction failed - marking existing transaction as rollback-only
2014-07-30 09:46:44 DEBUG HibernateTransactionManager:597 - Setting Hibernate transaction on Session [SessionImpl(PersistenceContext[entityKeys=[EntityKey[com.marsapps.iautomech.domain.Manufacturer#18283], EntityKey[com.marsapps.iautomech.domain.Manufacturer#18282]],collectionKeys=[]];ActionQueue[insertions=org.hibernate.engine.spi.ExecutableList@1e26d42 updates=org.hibernate.engine.spi.ExecutableList@731e90 deletions=org.hibernate.engine.spi.ExecutableList@1db8f8e orphanRemovals=org.hibernate.engine.spi.ExecutableList@1adbfde collectionCreations=org.hibernate.engine.spi.ExecutableList@fb0b0 collectionRemovals=org.hibernate.engine.spi.ExecutableList@18ff27 collectionUpdates=org.hibernate.engine.spi.ExecutableList@1177115 collectionQueuedOps=org.hibernate.engine.spi.ExecutableList@150a0 unresolvedInsertDependencies=UnresolvedEntityInsertActions[]])] rollback-only
2014-07-30 09:46:44 DEBUG TransactionalTestExecutionListener:429 - No method-level @Rollback override: using default rollback [true] for test context [DefaultTestContext@169d75d testClass = ManufacturerServiceImplTest, testInstance = com.marsapps.iautomech.service.ManufacturerServiceImplTest@1f85a86, testMethod = testFindManufacturer@ManufacturerServiceImplTest, testException = org.hibernate.NonUniqueResultException: query did not return a unique result: 2, mergedContextConfiguration = [WebMergedContextConfiguration@100ab23 testClass = ManufacturerServiceImplTest, locations = &apos;{file:src/main/webapp/WEB-INF/dispatcher-servlet.xml}&apos;, classes = &apos;{}&apos;, contextInitializerClasses = &apos;[]&apos;, activeProfiles = &apos;{}&apos;, resourceBasePath = &apos;src/main/webapp&apos;, contextLoader = &apos;org.springframework.test.context.web.WebDelegatingSmartContextLoader&apos;, parent = [null]]].
2014-07-30 09:46:44 DEBUG HibernateTransactionManager:847 - Initiating transaction rollback
2014-07-30 09:46:44 DEBUG HibernateTransactionManager:571 - Rolling back Hibernate transaction on Session [SessionImpl(PersistenceContext[entityKeys=[EntityKey[com.marsapps.iautomech.domain.Manufacturer#18283], EntityKey[com.marsapps.iautomech.domain.Manufacturer#18282]],collectionKeys=[]];ActionQueue[insertions=org.hibernate.engine.spi.ExecutableList@1e26d42 updates=org.hibernate.engine.spi.ExecutableList@731e90 deletions=org.hibernate.engine.spi.ExecutableList@1db8f8e orphanRemovals=org.hibernate.engine.spi.ExecutableList@1adbfde collectionCreations=org.hibernate.engine.spi.ExecutableList@fb0b0 collectionRemovals=org.hibernate.engine.spi.ExecutableList@18ff27 collectionUpdates=org.hibernate.engine.spi.ExecutableList@1177115 collectionQueuedOps=org.hibernate.engine.spi.ExecutableList@150a0 unresolvedInsertDependencies=UnresolvedEntityInsertActions[]])]
2014-07-30 09:46:44 DEBUG AbstractTransactionImpl:205 - rolling back
2014-07-30 09:46:44 DEBUG JdbcTransaction:164 - rolled JDBC Connection
2014-07-30 09:46:44 DEBUG JdbcTransaction:126 - re-enabling autocommit
2014-07-30 09:46:44 DEBUG HibernateTransactionManager:633 - Closing Hibernate Session [SessionImpl(PersistenceContext[entityKeys=[EntityKey[com.marsapps.iautomech.domain.Manufacturer#18283], EntityKey[com.marsapps.iautomech.domain.Manufacturer#18282]],collectionKeys=[]];ActionQueue[insertions=org.hibernate.engine.spi.ExecutableList@1e26d42 updates=org.hibernate.engine.spi.ExecutableList@731e90 deletions=org.hibernate.engine.spi.ExecutableList@1db8f8e orphanRemovals=org.hibernate.engine.spi.ExecutableList@1adbfde collectionCreations=org.hibernate.engine.spi.ExecutableList@fb0b0 collectionRemovals=org.hibernate.engine.spi.ExecutableList@18ff27 collectionUpdates=org.hibernate.engine.spi.ExecutableList@1177115 collectionQueuedOps=org.hibernate.engine.spi.ExecutableList@150a0 unresolvedInsertDependencies=UnresolvedEntityInsertActions[]])] after transaction
2014-07-30 09:46:44 DEBUG LogicalConnectionImpl:246 - Releasing JDBC connection
2014-07-30 09:46:44 DEBUG LogicalConnectionImpl:264 - Released JDBC connection
2014-07-30 09:46:44 INFO  TransactionalTestExecutionListener:298 - Rolled back transaction after test execution for test context [DefaultTestContext@169d75d testClass = ManufacturerServiceImplTest, testInstance = com.marsapps.iautomech.service.ManufacturerServiceImplTest@1f85a86, testMethod = testFindManufacturer@ManufacturerServiceImplTest, testException = org.hibernate.NonUniqueResultException: query did not return a unique result: 2, mergedContextConfiguration = [WebMergedContextConfiguration@100ab23 testClass = ManufacturerServiceImplTest, locations = &apos;{file:src/main/webapp/WEB-INF/dispatcher-servlet.xml}&apos;, classes = &apos;{}&apos;, contextInitializerClasses = &apos;[]&apos;, activeProfiles = &apos;{}&apos;, resourceBasePath = &apos;src/main/webapp&apos;, contextLoader = &apos;org.springframework.test.context.web.WebDelegatingSmartContextLoader&apos;, parent = [null]]]
2014-07-30 09:46:44 DEBUG DirtiesContextTestExecutionListener:94 - After test method: context [DefaultTestContext@169d75d testClass = ManufacturerServiceImplTest, testInstance = com.marsapps.iautomech.service.ManufacturerServiceImplTest@1f85a86, testMethod = testFindManufacturer@ManufacturerServiceImplTest, testException = org.hibernate.NonUniqueResultException: query did not return a unique result: 2, mergedContextConfiguration = [WebMergedContextConfiguration@100ab23 testClass = ManufacturerServiceImplTest, locations = &apos;{file:src/main/webapp/WEB-INF/dispatcher-servlet.xml}&apos;, classes = &apos;{}&apos;, contextInitializerClasses = &apos;[]&apos;, activeProfiles = &apos;{}&apos;, resourceBasePath = &apos;src/main/webapp&apos;, contextLoader = &apos;org.springframework.test.context.web.WebDelegatingSmartContextLoader&apos;, parent = [null]]], class dirties context [false], class mode [null], method dirties context [false].
2014-07-30 09:46:44 DEBUG ServletTestExecutionListener:138 - Resetting RequestContextHolder for test context [DefaultTestContext@169d75d testClass = ManufacturerServiceImplTest, testInstance = com.marsapps.iautomech.service.ManufacturerServiceImplTest@1f85a86, testMethod = testFindManufacturer@ManufacturerServiceImplTest, testException = org.hibernate.NonUniqueResultException: query did not return a unique result: 2, mergedContextConfiguration = [WebMergedContextConfiguration@100ab23 testClass = ManufacturerServiceImplTest, locations = &apos;{file:src/main/webapp/WEB-INF/dispatcher-servlet.xml}&apos;, classes = &apos;{}&apos;, contextInitializerClasses = &apos;[]&apos;, activeProfiles = &apos;{}&apos;, resourceBasePath = &apos;src/main/webapp&apos;, contextLoader = &apos;org.springframework.test.context.web.WebDelegatingSmartContextLoader&apos;, parent = [null]]].
</system-out>
    <system-err>calling equals....: com.marsapps.iautomech.domain.Manufacturer@1ca203
com.marsapps.iautomech.domain.Manufacturer@1ca203
com.marsapps.iautomech.domain.Manufacturer@1ca203
Objects ARE equal....
18282
18283
</system-err>
  </testcase>
  <testcase time="0.655" classname="com.marsapps.iautomech.service.ManufacturerServiceImplTest" name="testPaging">
    <error type="java.lang.NullPointerException">java.lang.NullPointerException
	at com.marsapps.iautomech.dao.AbstractBaseDAO.findLike(AbstractBaseDAO.java:46)
	at com.marsapps.iautomech.dao.ManufacturerDAOImpl.findLike(ManufacturerDAOImpl.java:21)
	at com.marsapps.iautomech.service.ManufacturerServiceImpl.findLike(ManufacturerServiceImpl.java:55)
	at sun.reflect.NativeMethodAccessorImpl.invoke0(Native Method)
	at sun.reflect.NativeMethodAccessorImpl.invoke(NativeMethodAccessorImpl.java:39)
	at sun.reflect.DelegatingMethodAccessorImpl.invoke(DelegatingMethodAccessorImpl.java:25)
	at java.lang.reflect.Method.invoke(Method.java:597)
	at org.springframework.aop.support.AopUtils.invokeJoinpointUsingReflection(AopUtils.java:317)
	at org.springframework.aop.framework.ReflectiveMethodInvocation.invokeJoinpoint(ReflectiveMethodInvocation.java:190)
	at org.springframework.aop.framework.ReflectiveMethodInvocation.proceed(ReflectiveMethodInvocation.java:157)
	at org.springframework.transaction.interceptor.TransactionInterceptor$1.proceedWithInvocation(TransactionInterceptor.java:98)
	at org.springframework.transaction.interceptor.TransactionAspectSupport.invokeWithinTransaction(TransactionAspectSupport.java:262)
	at org.springframework.transaction.interceptor.TransactionInterceptor.invoke(TransactionInterceptor.java:95)
	at org.springframework.aop.framework.ReflectiveMethodInvocation.proceed(ReflectiveMethodInvocation.java:179)
	at org.springframework.aop.framework.JdkDynamicAopProxy.invoke(JdkDynamicAopProxy.java:207)
	at $Proxy35.findLike(Unknown Source)
	at com.marsapps.iautomech.service.ManufacturerServiceImplTest.testPaging(ManufacturerServiceImplTest.java:154)
	at sun.reflect.NativeMethodAccessorImpl.invoke0(Native Method)
	at sun.reflect.NativeMethodAccessorImpl.invoke(NativeMethodAccessorImpl.java:39)
	at sun.reflect.DelegatingMethodAccessorImpl.invoke(DelegatingMethodAccessorImpl.java:25)
	at java.lang.reflect.Method.invoke(Method.java:597)
	at org.junit.runners.model.FrameworkMethod$1.runReflectiveCall(FrameworkMethod.java:47)
	at org.junit.internal.runners.model.ReflectiveCallable.run(ReflectiveCallable.java:12)
	at org.junit.runners.model.FrameworkMethod.invokeExplosively(FrameworkMethod.java:44)
	at org.junit.internal.runners.statements.InvokeMethod.evaluate(InvokeMethod.java:17)
	at org.junit.internal.runners.statements.RunBefores.evaluate(RunBefores.java:26)
	at org.springframework.test.context.junit4.statements.RunBeforeTestMethodCallbacks.evaluate(RunBeforeTestMethodCallbacks.java:74)
	at org.springframework.test.context.junit4.statements.RunAfterTestMethodCallbacks.evaluate(RunAfterTestMethodCallbacks.java:83)
	at org.springframework.test.context.junit4.statements.SpringRepeat.evaluate(SpringRepeat.java:72)
	at org.springframework.test.context.junit4.SpringJUnit4ClassRunner.runChild(SpringJUnit4ClassRunner.java:233)
	at org.springframework.test.context.junit4.SpringJUnit4ClassRunner.runChild(SpringJUnit4ClassRunner.java:87)
	at org.junit.runners.ParentRunner$3.run(ParentRunner.java:238)
	at org.junit.runners.ParentRunner$1.schedule(ParentRunner.java:63)
	at org.junit.runners.ParentRunner.runChildren(ParentRunner.java:236)
	at org.junit.runners.ParentRunner.access$000(ParentRunner.java:53)
	at org.junit.runners.ParentRunner$2.evaluate(ParentRunner.java:229)
	at org.springframework.test.context.junit4.statements.RunBeforeTestClassCallbacks.evaluate(RunBeforeTestClassCallbacks.java:61)
	at org.springframework.test.context.junit4.statements.RunAfterTestClassCallbacks.evaluate(RunAfterTestClassCallbacks.java:71)
	at org.junit.runners.ParentRunner.run(ParentRunner.java:309)
	at org.springframework.test.context.junit4.SpringJUnit4ClassRunner.run(SpringJUnit4ClassRunner.java:176)
	at org.apache.maven.surefire.junit4.JUnit4Provider.execute(JUnit4Provider.java:252)
	at org.apache.maven.surefire.junit4.JUnit4Provider.executeTestSet(JUnit4Provider.java:141)
	at org.apache.maven.surefire.junit4.JUnit4Provider.invoke(JUnit4Provider.java:112)
	at sun.reflect.NativeMethodAccessorImpl.invoke0(Native Method)
	at sun.reflect.NativeMethodAccessorImpl.invoke(NativeMethodAccessorImpl.java:39)
	at sun.reflect.DelegatingMethodAccessorImpl.invoke(DelegatingMethodAccessorImpl.java:25)
	at java.lang.reflect.Method.invoke(Method.java:597)
	at org.apache.maven.surefire.util.ReflectionUtils.invokeMethodWithArray(ReflectionUtils.java:189)
	at org.apache.maven.surefire.booter.ProviderFactory$ProviderProxy.invoke(ProviderFactory.java:165)
	at org.apache.maven.surefire.booter.ProviderFactory.invokeProvider(ProviderFactory.java:85)
	at org.apache.maven.surefire.booter.ForkedBooter.runSuitesInProcess(ForkedBooter.java:115)
	at org.apache.maven.surefire.booter.ForkedBooter.main(ForkedBooter.java:75)
</error>
    <system-out>2014-07-30 09:46:44 DEBUG ProfileValueUtils:70 - Retrieved @ProfileValueSourceConfiguration [null] for test class [com.marsapps.iautomech.service.ManufacturerServiceImplTest]
2014-07-30 09:46:44 DEBUG ProfileValueUtils:82 - Retrieved ProfileValueSource type [class org.springframework.test.annotation.SystemProfileValueSource] for class [com.marsapps.iautomech.service.ManufacturerServiceImplTest]
2014-07-30 09:46:44 DEBUG CacheAwareContextLoaderDelegate:104 - Retrieved ApplicationContext from cache with key [[WebMergedContextConfiguration@100ab23 testClass = ManufacturerServiceImplTest, locations = &apos;{file:src/main/webapp/WEB-INF/dispatcher-servlet.xml}&apos;, classes = &apos;{}&apos;, contextInitializerClasses = &apos;[]&apos;, activeProfiles = &apos;{}&apos;, resourceBasePath = &apos;src/main/webapp&apos;, contextLoader = &apos;org.springframework.test.context.web.WebDelegatingSmartContextLoader&apos;, parent = [null]]].
2014-07-30 09:46:44 DEBUG ServletTestExecutionListener:171 - Setting up MockHttpServletRequest, MockHttpServletResponse, ServletWebRequest, and RequestContextHolder for test context [DefaultTestContext@169d75d testClass = ManufacturerServiceImplTest, testInstance = com.marsapps.iautomech.service.ManufacturerServiceImplTest@114a3c6, testMethod = [null], testException = [null], mergedContextConfiguration = [WebMergedContextConfiguration@100ab23 testClass = ManufacturerServiceImplTest, locations = &apos;{file:src/main/webapp/WEB-INF/dispatcher-servlet.xml}&apos;, classes = &apos;{}&apos;, contextInitializerClasses = &apos;[]&apos;, activeProfiles = &apos;{}&apos;, resourceBasePath = &apos;src/main/webapp&apos;, contextLoader = &apos;org.springframework.test.context.web.WebDelegatingSmartContextLoader&apos;, parent = [null]]].
2014-07-30 09:46:44 DEBUG DependencyInjectionTestExecutionListener:73 - Performing dependency injection for test context [[DefaultTestContext@169d75d testClass = ManufacturerServiceImplTest, testInstance = com.marsapps.iautomech.service.ManufacturerServiceImplTest@114a3c6, testMethod = [null], testException = [null], mergedContextConfiguration = [WebMergedContextConfiguration@100ab23 testClass = ManufacturerServiceImplTest, locations = &apos;{file:src/main/webapp/WEB-INF/dispatcher-servlet.xml}&apos;, classes = &apos;{}&apos;, contextInitializerClasses = &apos;[]&apos;, activeProfiles = &apos;{}&apos;, resourceBasePath = &apos;src/main/webapp&apos;, contextLoader = &apos;org.springframework.test.context.web.WebDelegatingSmartContextLoader&apos;, parent = [null]]]].
2014-07-30 09:46:44 DEBUG CacheAwareContextLoaderDelegate:104 - Retrieved ApplicationContext from cache with key [[WebMergedContextConfiguration@100ab23 testClass = ManufacturerServiceImplTest, locations = &apos;{file:src/main/webapp/WEB-INF/dispatcher-servlet.xml}&apos;, classes = &apos;{}&apos;, contextInitializerClasses = &apos;[]&apos;, activeProfiles = &apos;{}&apos;, resourceBasePath = &apos;src/main/webapp&apos;, contextLoader = &apos;org.springframework.test.context.web.WebDelegatingSmartContextLoader&apos;, parent = [null]]].
2014-07-30 09:46:44 DEBUG InjectionMetadata:85 - Processing injected method of bean &apos;com.marsapps.iautomech.service.ManufacturerServiceImplTest&apos;: AutowiredFieldElement for private com.marsapps.iautomech.service.ManufacturerService com.marsapps.iautomech.service.ManufacturerServiceImplTest.service
2014-07-30 09:46:44 DEBUG DefaultListableBeanFactory:249 - Returning cached instance of singleton bean &apos;manufacturerServiceImpl&apos;
2014-07-30 09:46:44 DEBUG DefaultListableBeanFactory:249 - Returning cached instance of singleton bean &apos;org.springframework.transaction.config.internalTransactionAdvisor&apos;
2014-07-30 09:46:44 DEBUG InfrastructureAdvisorAutoProxyCreator:593 - Creating implicit proxy for bean &apos;com.marsapps.iautomech.service.ManufacturerServiceImplTest&apos; with 0 common interceptors and 1 specific interceptors
2014-07-30 09:46:44 DEBUG CglibAopProxy:158 - Creating CGLIB proxy: target source is SingletonTargetSource for target object [com.marsapps.iautomech.service.ManufacturerServiceImplTest@114a3c6]
2014-07-30 09:46:44 DEBUG AnnotationTransactionAttributeSource:108 - Adding transactional method &apos;ManufacturerServiceImplTest.testPaging&apos; with attribute: PROPAGATION_REQUIRED,ISOLATION_DEFAULT; &apos;&apos;
2014-07-30 09:46:44 DEBUG TransactionalTestExecutionListener:154 - Explicit transaction definition [PROPAGATION_REQUIRED,ISOLATION_DEFAULT; &apos;&apos;] found for test context [DefaultTestContext@169d75d testClass = ManufacturerServiceImplTest, testInstance = com.marsapps.iautomech.service.ManufacturerServiceImplTest@114a3c6, testMethod = testPaging@ManufacturerServiceImplTest, testException = [null], mergedContextConfiguration = [WebMergedContextConfiguration@100ab23 testClass = ManufacturerServiceImplTest, locations = &apos;{file:src/main/webapp/WEB-INF/dispatcher-servlet.xml}&apos;, classes = &apos;{}&apos;, contextInitializerClasses = &apos;[]&apos;, activeProfiles = &apos;{}&apos;, resourceBasePath = &apos;src/main/webapp&apos;, contextLoader = &apos;org.springframework.test.context.web.WebDelegatingSmartContextLoader&apos;, parent = [null]]]
2014-07-30 09:46:44 DEBUG CacheAwareContextLoaderDelegate:104 - Retrieved ApplicationContext from cache with key [[WebMergedContextConfiguration@100ab23 testClass = ManufacturerServiceImplTest, locations = &apos;{file:src/main/webapp/WEB-INF/dispatcher-servlet.xml}&apos;, classes = &apos;{}&apos;, contextInitializerClasses = &apos;[]&apos;, activeProfiles = &apos;{}&apos;, resourceBasePath = &apos;src/main/webapp&apos;, contextLoader = &apos;org.springframework.test.context.web.WebDelegatingSmartContextLoader&apos;, parent = [null]]].
2014-07-30 09:46:44 DEBUG DefaultListableBeanFactory:249 - Returning cached instance of singleton bean &apos;transactionManager&apos;
2014-07-30 09:46:44 DEBUG HibernateTransactionManager:367 - Creating new transaction with name [testPaging]: PROPAGATION_REQUIRED,ISOLATION_DEFAULT; &apos;&apos;
2014-07-30 09:46:44 DEBUG HibernateTransactionManager:417 - Opened new Session [SessionImpl(PersistenceContext[entityKeys=[],collectionKeys=[]];ActionQueue[insertions=org.hibernate.engine.spi.ExecutableList@1a9fcea updates=org.hibernate.engine.spi.ExecutableList@11b99c4 deletions=org.hibernate.engine.spi.ExecutableList@10c29fe orphanRemovals=org.hibernate.engine.spi.ExecutableList@1991ba7 collectionCreations=org.hibernate.engine.spi.ExecutableList@e674d6 collectionRemovals=org.hibernate.engine.spi.ExecutableList@b925 collectionUpdates=org.hibernate.engine.spi.ExecutableList@17b6074 collectionQueuedOps=org.hibernate.engine.spi.ExecutableList@f97d27 unresolvedInsertDependencies=UnresolvedEntityInsertActions[]])] for Hibernate transaction
2014-07-30 09:46:44 DEBUG HibernateTransactionManager:427 - Preparing JDBC Connection of Hibernate Session [SessionImpl(PersistenceContext[entityKeys=[],collectionKeys=[]];ActionQueue[insertions=org.hibernate.engine.spi.ExecutableList@1a9fcea updates=org.hibernate.engine.spi.ExecutableList@11b99c4 deletions=org.hibernate.engine.spi.ExecutableList@10c29fe orphanRemovals=org.hibernate.engine.spi.ExecutableList@1991ba7 collectionCreations=org.hibernate.engine.spi.ExecutableList@e674d6 collectionRemovals=org.hibernate.engine.spi.ExecutableList@b925 collectionUpdates=org.hibernate.engine.spi.ExecutableList@17b6074 collectionQueuedOps=org.hibernate.engine.spi.ExecutableList@f97d27 unresolvedInsertDependencies=UnresolvedEntityInsertActions[]])]
2014-07-30 09:46:44 DEBUG LogicalConnectionImpl:226 - Obtaining JDBC connection
2014-07-30 09:46:44 DEBUG LogicalConnectionImpl:232 - Obtained JDBC connection
2014-07-30 09:46:44 DEBUG AbstractTransactionImpl:160 - begin
2014-07-30 09:46:44 DEBUG JdbcTransaction:69 - initial autocommit status: true
2014-07-30 09:46:44 DEBUG JdbcTransaction:71 - disabling autocommit
2014-07-30 09:46:44 DEBUG HibernateTransactionManager:488 - Exposing Hibernate transaction as JDBC transaction [jdbc:mysql://127.0.0.1:3306/test, UserName=root@localhost, MySQL Connector Java]
2014-07-30 09:46:44 DEBUG TransactionalTestExecutionListener:429 - No method-level @Rollback override: using default rollback [true] for test context [DefaultTestContext@169d75d testClass = ManufacturerServiceImplTest, testInstance = com.marsapps.iautomech.service.ManufacturerServiceImplTest@114a3c6, testMethod = testPaging@ManufacturerServiceImplTest, testException = [null], mergedContextConfiguration = [WebMergedContextConfiguration@100ab23 testClass = ManufacturerServiceImplTest, locations = &apos;{file:src/main/webapp/WEB-INF/dispatcher-servlet.xml}&apos;, classes = &apos;{}&apos;, contextInitializerClasses = &apos;[]&apos;, activeProfiles = &apos;{}&apos;, resourceBasePath = &apos;src/main/webapp&apos;, contextLoader = &apos;org.springframework.test.context.web.WebDelegatingSmartContextLoader&apos;, parent = [null]]].
2014-07-30 09:46:44 INFO  TransactionalTestExecutionListener:276 - Began transaction (6) for test context [DefaultTestContext@169d75d testClass = ManufacturerServiceImplTest, testInstance = com.marsapps.iautomech.service.ManufacturerServiceImplTest@114a3c6, testMethod = testPaging@ManufacturerServiceImplTest, testException = [null], mergedContextConfiguration = [WebMergedContextConfiguration@100ab23 testClass = ManufacturerServiceImplTest, locations = &apos;{file:src/main/webapp/WEB-INF/dispatcher-servlet.xml}&apos;, classes = &apos;{}&apos;, contextInitializerClasses = &apos;[]&apos;, activeProfiles = &apos;{}&apos;, resourceBasePath = &apos;src/main/webapp&apos;, contextLoader = &apos;org.springframework.test.context.web.WebDelegatingSmartContextLoader&apos;, parent = [null]]]; transaction manager [org.springframework.orm.hibernate4.HibernateTransactionManager@178feba]; rollback [true]
2014-07-30 09:46:44 DEBUG DefaultListableBeanFactory:249 - Returning cached instance of singleton bean &apos;transactionManager&apos;
2014-07-30 09:46:44 DEBUG HibernateTransactionManager:362 - Found thread-bound Session [SessionImpl(PersistenceContext[entityKeys=[],collectionKeys=[]];ActionQueue[insertions=org.hibernate.engine.spi.ExecutableList@1a9fcea updates=org.hibernate.engine.spi.ExecutableList@11b99c4 deletions=org.hibernate.engine.spi.ExecutableList@10c29fe orphanRemovals=org.hibernate.engine.spi.ExecutableList@1991ba7 collectionCreations=org.hibernate.engine.spi.ExecutableList@e674d6 collectionRemovals=org.hibernate.engine.spi.ExecutableList@b925 collectionUpdates=org.hibernate.engine.spi.ExecutableList@17b6074 collectionQueuedOps=org.hibernate.engine.spi.ExecutableList@f97d27 unresolvedInsertDependencies=UnresolvedEntityInsertActions[]])] for Hibernate transaction
2014-07-30 09:46:44 DEBUG HibernateTransactionManager:472 - Participating in existing transaction
2014-07-30 09:46:44 DEBUG ActionQueue:192 - Executing identity-insert immediately
2014-07-30 09:46:44 DEBUG SQL:109 - insert into manufacturer (contact_name, contact_number, name) values (?, ?, ?)
Hibernate: insert into manufacturer (contact_name, contact_number, name) values (?, ?, ?)
2014-07-30 09:46:44 DEBUG IdentifierGeneratorHelper:94 - Natively generated identity: 18284
2014-07-30 09:46:44 DEBUG DefaultListableBeanFactory:249 - Returning cached instance of singleton bean &apos;transactionManager&apos;
2014-07-30 09:46:44 DEBUG HibernateTransactionManager:362 - Found thread-bound Session [SessionImpl(PersistenceContext[entityKeys=[EntityKey[com.marsapps.iautomech.domain.Manufacturer#18284]],collectionKeys=[]];ActionQueue[insertions=org.hibernate.engine.spi.ExecutableList@1a9fcea updates=org.hibernate.engine.spi.ExecutableList@11b99c4 deletions=org.hibernate.engine.spi.ExecutableList@10c29fe orphanRemovals=org.hibernate.engine.spi.ExecutableList@1991ba7 collectionCreations=org.hibernate.engine.spi.ExecutableList@e674d6 collectionRemovals=org.hibernate.engine.spi.ExecutableList@b925 collectionUpdates=org.hibernate.engine.spi.ExecutableList@17b6074 collectionQueuedOps=org.hibernate.engine.spi.ExecutableList@f97d27 unresolvedInsertDependencies=UnresolvedEntityInsertActions[]])] for Hibernate transaction
2014-07-30 09:46:44 DEBUG HibernateTransactionManager:472 - Participating in existing transaction
2014-07-30 09:46:44 DEBUG ActionQueue:192 - Executing identity-insert immediately
2014-07-30 09:46:44 DEBUG SQL:109 - insert into manufacturer (contact_name, contact_number, name) values (?, ?, ?)
Hibernate: insert into manufacturer (contact_name, contact_number, name) values (?, ?, ?)
2014-07-30 09:46:44 DEBUG IdentifierGeneratorHelper:94 - Natively generated identity: 18285
2014-07-30 09:46:44 DEBUG DefaultListableBeanFactory:249 - Returning cached instance of singleton bean &apos;transactionManager&apos;
2014-07-30 09:46:44 DEBUG HibernateTransactionManager:362 - Found thread-bound Session [SessionImpl(PersistenceContext[entityKeys=[EntityKey[com.marsapps.iautomech.domain.Manufacturer#18284], EntityKey[com.marsapps.iautomech.domain.Manufacturer#18285]],collectionKeys=[]];ActionQueue[insertions=org.hibernate.engine.spi.ExecutableList@1a9fcea updates=org.hibernate.engine.spi.ExecutableList@11b99c4 deletions=org.hibernate.engine.spi.ExecutableList@10c29fe orphanRemovals=org.hibernate.engine.spi.ExecutableList@1991ba7 collectionCreations=org.hibernate.engine.spi.ExecutableList@e674d6 collectionRemovals=org.hibernate.engine.spi.ExecutableList@b925 collectionUpdates=org.hibernate.engine.spi.ExecutableList@17b6074 collectionQueuedOps=org.hibernate.engine.spi.ExecutableList@f97d27 unresolvedInsertDependencies=UnresolvedEntityInsertActions[]])] for Hibernate transaction
2014-07-30 09:46:44 DEBUG HibernateTransactionManager:472 - Participating in existing transaction
2014-07-30 09:46:44 DEBUG ActionQueue:192 - Executing identity-insert immediately
2014-07-30 09:46:44 DEBUG SQL:109 - insert into manufacturer (contact_name, contact_number, name) values (?, ?, ?)
Hibernate: insert into manufacturer (contact_name, contact_number, name) values (?, ?, ?)
2014-07-30 09:46:44 DEBUG IdentifierGeneratorHelper:94 - Natively generated identity: 18286
2014-07-30 09:46:44 DEBUG DefaultListableBeanFactory:249 - Returning cached instance of singleton bean &apos;transactionManager&apos;
2014-07-30 09:46:44 DEBUG HibernateTransactionManager:362 - Found thread-bound Session [SessionImpl(PersistenceContext[entityKeys=[EntityKey[com.marsapps.iautomech.domain.Manufacturer#18284], EntityKey[com.marsapps.iautomech.domain.Manufacturer#18286], EntityKey[com.marsapps.iautomech.domain.Manufacturer#18285]],collectionKeys=[]];ActionQueue[insertions=org.hibernate.engine.spi.ExecutableList@1a9fcea updates=org.hibernate.engine.spi.ExecutableList@11b99c4 deletions=org.hibernate.engine.spi.ExecutableList@10c29fe orphanRemovals=org.hibernate.engine.spi.ExecutableList@1991ba7 collectionCreations=org.hibernate.engine.spi.ExecutableList@e674d6 collectionRemovals=org.hibernate.engine.spi.ExecutableList@b925 collectionUpdates=org.hibernate.engine.spi.ExecutableList@17b6074 collectionQueuedOps=org.hibernate.engine.spi.ExecutableList@f97d27 unresolvedInsertDependencies=UnresolvedEntityInsertActions[]])] for Hibernate transaction
2014-07-30 09:46:44 DEBUG HibernateTransactionManager:472 - Participating in existing transaction
2014-07-30 09:46:44 DEBUG ActionQueue:192 - Executing identity-insert immediately
2014-07-30 09:46:44 DEBUG SQL:109 - insert into manufacturer (contact_name, contact_number, name) values (?, ?, ?)
Hibernate: insert into manufacturer (contact_name, contact_number, name) values (?, ?, ?)
2014-07-30 09:46:44 DEBUG IdentifierGeneratorHelper:94 - Natively generated identity: 18287
2014-07-30 09:46:44 DEBUG DefaultListableBeanFactory:249 - Returning cached instance of singleton bean &apos;transactionManager&apos;
2014-07-30 09:46:44 DEBUG HibernateTransactionManager:362 - Found thread-bound Session [SessionImpl(PersistenceContext[entityKeys=[EntityKey[com.marsapps.iautomech.domain.Manufacturer#18284], EntityKey[com.marsapps.iautomech.domain.Manufacturer#18286], EntityKey[com.marsapps.iautomech.domain.Manufacturer#18285], EntityKey[com.marsapps.iautomech.domain.Manufacturer#18287]],collectionKeys=[]];ActionQueue[insertions=org.hibernate.engine.spi.ExecutableList@1a9fcea updates=org.hibernate.engine.spi.ExecutableList@11b99c4 deletions=org.hibernate.engine.spi.ExecutableList@10c29fe orphanRemovals=org.hibernate.engine.spi.ExecutableList@1991ba7 collectionCreations=org.hibernate.engine.spi.ExecutableList@e674d6 collectionRemovals=org.hibernate.engine.spi.ExecutableList@b925 collectionUpdates=org.hibernate.engine.spi.ExecutableList@17b6074 collectionQueuedOps=org.hibernate.engine.spi.ExecutableList@f97d27 unresolvedInsertDependencies=UnresolvedEntityInsertActions[]])] for Hibernate transaction
2014-07-30 09:46:44 DEBUG HibernateTransactionManager:472 - Participating in existing transaction
2014-07-30 09:46:44 DEBUG ActionQueue:192 - Executing identity-insert immediately
2014-07-30 09:46:44 DEBUG SQL:109 - insert into manufacturer (contact_name, contact_number, name) values (?, ?, ?)
Hibernate: insert into manufacturer (contact_name, contact_number, name) values (?, ?, ?)
2014-07-30 09:46:44 DEBUG IdentifierGeneratorHelper:94 - Natively generated identity: 18288
2014-07-30 09:46:44 DEBUG DefaultListableBeanFactory:249 - Returning cached instance of singleton bean &apos;transactionManager&apos;
2014-07-30 09:46:44 DEBUG HibernateTransactionManager:362 - Found thread-bound Session [SessionImpl(PersistenceContext[entityKeys=[EntityKey[com.marsapps.iautomech.domain.Manufacturer#18284], EntityKey[com.marsapps.iautomech.domain.Manufacturer#18286], EntityKey[com.marsapps.iautomech.domain.Manufacturer#18285], EntityKey[com.marsapps.iautomech.domain.Manufacturer#18288], EntityKey[com.marsapps.iautomech.domain.Manufacturer#18287]],collectionKeys=[]];ActionQueue[insertions=org.hibernate.engine.spi.ExecutableList@1a9fcea updates=org.hibernate.engine.spi.ExecutableList@11b99c4 deletions=org.hibernate.engine.spi.ExecutableList@10c29fe orphanRemovals=org.hibernate.engine.spi.ExecutableList@1991ba7 collectionCreations=org.hibernate.engine.spi.ExecutableList@e674d6 collectionRemovals=org.hibernate.engine.spi.ExecutableList@b925 collectionUpdates=org.hibernate.engine.spi.ExecutableList@17b6074 collectionQueuedOps=org.hibernate.engine.spi.ExecutableList@f97d27 unresolvedInsertDependencies=UnresolvedEntityInsertActions[]])] for Hibernate transaction
2014-07-30 09:46:44 DEBUG HibernateTransactionManager:472 - Participating in existing transaction
2014-07-30 09:46:44 DEBUG ActionQueue:192 - Executing identity-insert immediately
2014-07-30 09:46:44 DEBUG SQL:109 - insert into manufacturer (contact_name, contact_number, name) values (?, ?, ?)
Hibernate: insert into manufacturer (contact_name, contact_number, name) values (?, ?, ?)
2014-07-30 09:46:44 DEBUG IdentifierGeneratorHelper:94 - Natively generated identity: 18289
2014-07-30 09:46:44 DEBUG DefaultListableBeanFactory:249 - Returning cached instance of singleton bean &apos;transactionManager&apos;
2014-07-30 09:46:44 DEBUG HibernateTransactionManager:362 - Found thread-bound Session [SessionImpl(PersistenceContext[entityKeys=[EntityKey[com.marsapps.iautomech.domain.Manufacturer#18284], EntityKey[com.marsapps.iautomech.domain.Manufacturer#18286], EntityKey[com.marsapps.iautomech.domain.Manufacturer#18285], EntityKey[com.marsapps.iautomech.domain.Manufacturer#18288], EntityKey[com.marsapps.iautomech.domain.Manufacturer#18287], EntityKey[com.marsapps.iautomech.domain.Manufacturer#18289]],collectionKeys=[]];ActionQueue[insertions=org.hibernate.engine.spi.ExecutableList@1a9fcea updates=org.hibernate.engine.spi.ExecutableList@11b99c4 deletions=org.hibernate.engine.spi.ExecutableList@10c29fe orphanRemovals=org.hibernate.engine.spi.ExecutableList@1991ba7 collectionCreations=org.hibernate.engine.spi.ExecutableList@e674d6 collectionRemovals=org.hibernate.engine.spi.ExecutableList@b925 collectionUpdates=org.hibernate.engine.spi.ExecutableList@17b6074 collectionQueuedOps=org.hibernate.engine.spi.ExecutableList@f97d27 unresolvedInsertDependencies=UnresolvedEntityInsertActions[]])] for Hibernate transaction
2014-07-30 09:46:44 DEBUG HibernateTransactionManager:472 - Participating in existing transaction
2014-07-30 09:46:44 DEBUG ActionQueue:192 - Executing identity-insert immediately
2014-07-30 09:46:44 DEBUG SQL:109 - insert into manufacturer (contact_name, contact_number, name) values (?, ?, ?)
Hibernate: insert into manufacturer (contact_name, contact_number, name) values (?, ?, ?)
2014-07-30 09:46:44 DEBUG IdentifierGeneratorHelper:94 - Natively generated identity: 18290
2014-07-30 09:46:44 DEBUG DefaultListableBeanFactory:249 - Returning cached instance of singleton bean &apos;transactionManager&apos;
2014-07-30 09:46:44 DEBUG HibernateTransactionManager:362 - Found thread-bound Session [SessionImpl(PersistenceContext[entityKeys=[EntityKey[com.marsapps.iautomech.domain.Manufacturer#18284], EntityKey[com.marsapps.iautomech.domain.Manufacturer#18286], EntityKey[com.marsapps.iautomech.domain.Manufacturer#18285], EntityKey[com.marsapps.iautomech.domain.Manufacturer#18288], EntityKey[com.marsapps.iautomech.domain.Manufacturer#18287], EntityKey[com.marsapps.iautomech.domain.Manufacturer#18290], EntityKey[com.marsapps.iautomech.domain.Manufacturer#18289]],collectionKeys=[]];ActionQueue[insertions=org.hibernate.engine.spi.ExecutableList@1a9fcea updates=org.hibernate.engine.spi.ExecutableList@11b99c4 deletions=org.hibernate.engine.spi.ExecutableList@10c29fe orphanRemovals=org.hibernate.engine.spi.ExecutableList@1991ba7 collectionCreations=org.hibernate.engine.spi.ExecutableList@e674d6 collectionRemovals=org.hibernate.engine.spi.ExecutableList@b925 collectionUpdates=org.hibernate.engine.spi.ExecutableList@17b6074 collectionQueuedOps=org.hibernate.engine.spi.ExecutableList@f97d27 unresolvedInsertDependencies=UnresolvedEntityInsertActions[]])] for Hibernate transaction
2014-07-30 09:46:44 DEBUG HibernateTransactionManager:472 - Participating in existing transaction
2014-07-30 09:46:44 DEBUG ActionQueue:192 - Executing identity-insert immediately
2014-07-30 09:46:44 DEBUG SQL:109 - insert into manufacturer (contact_name, contact_number, name) values (?, ?, ?)
Hibernate: insert into manufacturer (contact_name, contact_number, name) values (?, ?, ?)
2014-07-30 09:46:44 DEBUG IdentifierGeneratorHelper:94 - Natively generated identity: 18291
2014-07-30 09:46:44 DEBUG DefaultListableBeanFactory:249 - Returning cached instance of singleton bean &apos;transactionManager&apos;
2014-07-30 09:46:44 DEBUG HibernateTransactionManager:362 - Found thread-bound Session [SessionImpl(PersistenceContext[entityKeys=[EntityKey[com.marsapps.iautomech.domain.Manufacturer#18291], EntityKey[com.marsapps.iautomech.domain.Manufacturer#18284], EntityKey[com.marsapps.iautomech.domain.Manufacturer#18286], EntityKey[com.marsapps.iautomech.domain.Manufacturer#18285], EntityKey[com.marsapps.iautomech.domain.Manufacturer#18288], EntityKey[com.marsapps.iautomech.domain.Manufacturer#18287], EntityKey[com.marsapps.iautomech.domain.Manufacturer#18290], EntityKey[com.marsapps.iautomech.domain.Manufacturer#18289]],collectionKeys=[]];ActionQueue[insertions=org.hibernate.engine.spi.ExecutableList@1a9fcea updates=org.hibernate.engine.spi.ExecutableList@11b99c4 deletions=org.hibernate.engine.spi.ExecutableList@10c29fe orphanRemovals=org.hibernate.engine.spi.ExecutableList@1991ba7 collectionCreations=org.hibernate.engine.spi.ExecutableList@e674d6 collectionRemovals=org.hibernate.engine.spi.ExecutableList@b925 collectionUpdates=org.hibernate.engine.spi.ExecutableList@17b6074 collectionQueuedOps=org.hibernate.engine.spi.ExecutableList@f97d27 unresolvedInsertDependencies=UnresolvedEntityInsertActions[]])] for Hibernate transaction
2014-07-30 09:46:44 DEBUG HibernateTransactionManager:472 - Participating in existing transaction
2014-07-30 09:46:44 DEBUG ActionQueue:192 - Executing identity-insert immediately
2014-07-30 09:46:44 DEBUG SQL:109 - insert into manufacturer (contact_name, contact_number, name) values (?, ?, ?)
Hibernate: insert into manufacturer (contact_name, contact_number, name) values (?, ?, ?)
2014-07-30 09:46:44 DEBUG IdentifierGeneratorHelper:94 - Natively generated identity: 18292
2014-07-30 09:46:44 DEBUG DefaultListableBeanFactory:249 - Returning cached instance of singleton bean &apos;transactionManager&apos;
2014-07-30 09:46:44 DEBUG HibernateTransactionManager:362 - Found thread-bound Session [SessionImpl(PersistenceContext[entityKeys=[EntityKey[com.marsapps.iautomech.domain.Manufacturer#18292], EntityKey[com.marsapps.iautomech.domain.Manufacturer#18291], EntityKey[com.marsapps.iautomech.domain.Manufacturer#18284], EntityKey[com.marsapps.iautomech.domain.Manufacturer#18286], EntityKey[com.marsapps.iautomech.domain.Manufacturer#18285], EntityKey[com.marsapps.iautomech.domain.Manufacturer#18288], EntityKey[com.marsapps.iautomech.domain.Manufacturer#18287], EntityKey[com.marsapps.iautomech.domain.Manufacturer#18290], EntityKey[com.marsapps.iautomech.domain.Manufacturer#18289]],collectionKeys=[]];ActionQueue[insertions=org.hibernate.engine.spi.ExecutableList@1a9fcea updates=org.hibernate.engine.spi.ExecutableList@11b99c4 deletions=org.hibernate.engine.spi.ExecutableList@10c29fe orphanRemovals=org.hibernate.engine.spi.ExecutableList@1991ba7 collectionCreations=org.hibernate.engine.spi.ExecutableList@e674d6 collectionRemovals=org.hibernate.engine.spi.ExecutableList@b925 collectionUpdates=org.hibernate.engine.spi.ExecutableList@17b6074 collectionQueuedOps=org.hibernate.engine.spi.ExecutableList@f97d27 unresolvedInsertDependencies=UnresolvedEntityInsertActions[]])] for Hibernate transaction
2014-07-30 09:46:44 DEBUG HibernateTransactionManager:472 - Participating in existing transaction
2014-07-30 09:46:44 DEBUG ActionQueue:192 - Executing identity-insert immediately
2014-07-30 09:46:44 DEBUG SQL:109 - insert into manufacturer (contact_name, contact_number, name) values (?, ?, ?)
Hibernate: insert into manufacturer (contact_name, contact_number, name) values (?, ?, ?)
2014-07-30 09:46:44 DEBUG IdentifierGeneratorHelper:94 - Natively generated identity: 18293
2014-07-30 09:46:44 DEBUG DefaultListableBeanFactory:249 - Returning cached instance of singleton bean &apos;transactionManager&apos;
2014-07-30 09:46:44 DEBUG HibernateTransactionManager:362 - Found thread-bound Session [SessionImpl(PersistenceContext[entityKeys=[EntityKey[com.marsapps.iautomech.domain.Manufacturer#18292], EntityKey[com.marsapps.iautomech.domain.Manufacturer#18291], EntityKey[com.marsapps.iautomech.domain.Manufacturer#18293], EntityKey[com.marsapps.iautomech.domain.Manufacturer#18284], EntityKey[com.marsapps.iautomech.domain.Manufacturer#18286], EntityKey[com.marsapps.iautomech.domain.Manufacturer#18285], EntityKey[com.marsapps.iautomech.domain.Manufacturer#18288], EntityKey[com.marsapps.iautomech.domain.Manufacturer#18287], EntityKey[com.marsapps.iautomech.domain.Manufacturer#18290], EntityKey[com.marsapps.iautomech.domain.Manufacturer#18289]],collectionKeys=[]];ActionQueue[insertions=org.hibernate.engine.spi.ExecutableList@1a9fcea updates=org.hibernate.engine.spi.ExecutableList@11b99c4 deletions=org.hibernate.engine.spi.ExecutableList@10c29fe orphanRemovals=org.hibernate.engine.spi.ExecutableList@1991ba7 collectionCreations=org.hibernate.engine.spi.ExecutableList@e674d6 collectionRemovals=org.hibernate.engine.spi.ExecutableList@b925 collectionUpdates=org.hibernate.engine.spi.ExecutableList@17b6074 collectionQueuedOps=org.hibernate.engine.spi.ExecutableList@f97d27 unresolvedInsertDependencies=UnresolvedEntityInsertActions[]])] for Hibernate transaction
2014-07-30 09:46:44 DEBUG HibernateTransactionManager:472 - Participating in existing transaction
2014-07-30 09:46:44 DEBUG ActionQueue:192 - Executing identity-insert immediately
2014-07-30 09:46:44 DEBUG SQL:109 - insert into manufacturer (contact_name, contact_number, name) values (?, ?, ?)
Hibernate: insert into manufacturer (contact_name, contact_number, name) values (?, ?, ?)
2014-07-30 09:46:44 DEBUG IdentifierGeneratorHelper:94 - Natively generated identity: 18294
2014-07-30 09:46:44 DEBUG DefaultListableBeanFactory:249 - Returning cached instance of singleton bean &apos;transactionManager&apos;
2014-07-30 09:46:44 DEBUG HibernateTransactionManager:362 - Found thread-bound Session [SessionImpl(PersistenceContext[entityKeys=[EntityKey[com.marsapps.iautomech.domain.Manufacturer#18292], EntityKey[com.marsapps.iautomech.domain.Manufacturer#18291], EntityKey[com.marsapps.iautomech.domain.Manufacturer#18294], EntityKey[com.marsapps.iautomech.domain.Manufacturer#18293], EntityKey[com.marsapps.iautomech.domain.Manufacturer#18284], EntityKey[com.marsapps.iautomech.domain.Manufacturer#18286], EntityKey[com.marsapps.iautomech.domain.Manufacturer#18285], EntityKey[com.marsapps.iautomech.domain.Manufacturer#18288], EntityKey[com.marsapps.iautomech.domain.Manufacturer#18287], EntityKey[com.marsapps.iautomech.domain.Manufacturer#18290], EntityKey[com.marsapps.iautomech.domain.Manufacturer#18289]],collectionKeys=[]];ActionQueue[insertions=org.hibernate.engine.spi.ExecutableList@1a9fcea updates=org.hibernate.engine.spi.ExecutableList@11b99c4 deletions=org.hibernate.engine.spi.ExecutableList@10c29fe orphanRemovals=org.hibernate.engine.spi.ExecutableList@1991ba7 collectionCreations=org.hibernate.engine.spi.ExecutableList@e674d6 collectionRemovals=org.hibernate.engine.spi.ExecutableList@b925 collectionUpdates=org.hibernate.engine.spi.ExecutableList@17b6074 collectionQueuedOps=org.hibernate.engine.spi.ExecutableList@f97d27 unresolvedInsertDependencies=UnresolvedEntityInsertActions[]])] for Hibernate transaction
2014-07-30 09:46:44 DEBUG HibernateTransactionManager:472 - Participating in existing transaction
2014-07-30 09:46:44 DEBUG ActionQueue:192 - Executing identity-insert immediately
2014-07-30 09:46:44 DEBUG SQL:109 - insert into manufacturer (contact_name, contact_number, name) values (?, ?, ?)
Hibernate: insert into manufacturer (contact_name, contact_number, name) values (?, ?, ?)
2014-07-30 09:46:44 DEBUG IdentifierGeneratorHelper:94 - Natively generated identity: 18295
2014-07-30 09:46:44 DEBUG DefaultListableBeanFactory:249 - Returning cached instance of singleton bean &apos;transactionManager&apos;
2014-07-30 09:46:44 DEBUG HibernateTransactionManager:362 - Found thread-bound Session [SessionImpl(PersistenceContext[entityKeys=[EntityKey[com.marsapps.iautomech.domain.Manufacturer#18292], EntityKey[com.marsapps.iautomech.domain.Manufacturer#18291], EntityKey[com.marsapps.iautomech.domain.Manufacturer#18294], EntityKey[com.marsapps.iautomech.domain.Manufacturer#18293], EntityKey[com.marsapps.iautomech.domain.Manufacturer#18295], EntityKey[com.marsapps.iautomech.domain.Manufacturer#18284], EntityKey[com.marsapps.iautomech.domain.Manufacturer#18286], EntityKey[com.marsapps.iautomech.domain.Manufacturer#18285], EntityKey[com.marsapps.iautomech.domain.Manufacturer#18288], EntityKey[com.marsapps.iautomech.domain.Manufacturer#18287], EntityKey[com.marsapps.iautomech.domain.Manufacturer#18290], EntityKey[com.marsapps.iautomech.domain.Manufacturer#18289]],collectionKeys=[]];ActionQueue[insertions=org.hibernate.engine.spi.ExecutableList@1a9fcea updates=org.hibernate.engine.spi.ExecutableList@11b99c4 deletions=org.hibernate.engine.spi.ExecutableList@10c29fe orphanRemovals=org.hibernate.engine.spi.ExecutableList@1991ba7 collectionCreations=org.hibernate.engine.spi.ExecutableList@e674d6 collectionRemovals=org.hibernate.engine.spi.ExecutableList@b925 collectionUpdates=org.hibernate.engine.spi.ExecutableList@17b6074 collectionQueuedOps=org.hibernate.engine.spi.ExecutableList@f97d27 unresolvedInsertDependencies=UnresolvedEntityInsertActions[]])] for Hibernate transaction
2014-07-30 09:46:44 DEBUG HibernateTransactionManager:472 - Participating in existing transaction
2014-07-30 09:46:44 DEBUG ActionQueue:192 - Executing identity-insert immediately
2014-07-30 09:46:44 DEBUG SQL:109 - insert into manufacturer (contact_name, contact_number, name) values (?, ?, ?)
Hibernate: insert into manufacturer (contact_name, contact_number, name) values (?, ?, ?)
2014-07-30 09:46:44 DEBUG IdentifierGeneratorHelper:94 - Natively generated identity: 18296
2014-07-30 09:46:44 DEBUG DefaultListableBeanFactory:249 - Returning cached instance of singleton bean &apos;transactionManager&apos;
2014-07-30 09:46:44 DEBUG HibernateTransactionManager:362 - Found thread-bound Session [SessionImpl(PersistenceContext[entityKeys=[EntityKey[com.marsapps.iautomech.domain.Manufacturer#18292], EntityKey[com.marsapps.iautomech.domain.Manufacturer#18291], EntityKey[com.marsapps.iautomech.domain.Manufacturer#18294], EntityKey[com.marsapps.iautomech.domain.Manufacturer#18293], EntityKey[com.marsapps.iautomech.domain.Manufacturer#18296], EntityKey[com.marsapps.iautomech.domain.Manufacturer#18295], EntityKey[com.marsapps.iautomech.domain.Manufacturer#18284], EntityKey[com.marsapps.iautomech.domain.Manufacturer#18286], EntityKey[com.marsapps.iautomech.domain.Manufacturer#18285], EntityKey[com.marsapps.iautomech.domain.Manufacturer#18288], EntityKey[com.marsapps.iautomech.domain.Manufacturer#18287], EntityKey[com.marsapps.iautomech.domain.Manufacturer#18290], EntityKey[com.marsapps.iautomech.domain.Manufacturer#18289]],collectionKeys=[]];ActionQueue[insertions=org.hibernate.engine.spi.ExecutableList@1a9fcea updates=org.hibernate.engine.spi.ExecutableList@11b99c4 deletions=org.hibernate.engine.spi.ExecutableList@10c29fe orphanRemovals=org.hibernate.engine.spi.ExecutableList@1991ba7 collectionCreations=org.hibernate.engine.spi.ExecutableList@e674d6 collectionRemovals=org.hibernate.engine.spi.ExecutableList@b925 collectionUpdates=org.hibernate.engine.spi.ExecutableList@17b6074 collectionQueuedOps=org.hibernate.engine.spi.ExecutableList@f97d27 unresolvedInsertDependencies=UnresolvedEntityInsertActions[]])] for Hibernate transaction
2014-07-30 09:46:44 DEBUG HibernateTransactionManager:472 - Participating in existing transaction
2014-07-30 09:46:44 DEBUG ActionQueue:192 - Executing identity-insert immediately
2014-07-30 09:46:44 DEBUG SQL:109 - insert into manufacturer (contact_name, contact_number, name) values (?, ?, ?)
Hibernate: insert into manufacturer (contact_name, contact_number, name) values (?, ?, ?)
2014-07-30 09:46:44 DEBUG IdentifierGeneratorHelper:94 - Natively generated identity: 18297
2014-07-30 09:46:44 DEBUG DefaultListableBeanFactory:249 - Returning cached instance of singleton bean &apos;transactionManager&apos;
2014-07-30 09:46:44 DEBUG HibernateTransactionManager:362 - Found thread-bound Session [SessionImpl(PersistenceContext[entityKeys=[EntityKey[com.marsapps.iautomech.domain.Manufacturer#18292], EntityKey[com.marsapps.iautomech.domain.Manufacturer#18291], EntityKey[com.marsapps.iautomech.domain.Manufacturer#18294], EntityKey[com.marsapps.iautomech.domain.Manufacturer#18293], EntityKey[com.marsapps.iautomech.domain.Manufacturer#18296], EntityKey[com.marsapps.iautomech.domain.Manufacturer#18295], EntityKey[com.marsapps.iautomech.domain.Manufacturer#18297], EntityKey[com.marsapps.iautomech.domain.Manufacturer#18284], EntityKey[com.marsapps.iautomech.domain.Manufacturer#18286], EntityKey[com.marsapps.iautomech.domain.Manufacturer#18285], EntityKey[com.marsapps.iautomech.domain.Manufacturer#18288], EntityKey[com.marsapps.iautomech.domain.Manufacturer#18287], EntityKey[com.marsapps.iautomech.domain.Manufacturer#18290], EntityKey[com.marsapps.iautomech.domain.Manufacturer#18289]],collectionKeys=[]];ActionQueue[insertions=org.hibernate.engine.spi.ExecutableList@1a9fcea updates=org.hibernate.engine.spi.ExecutableList@11b99c4 deletions=org.hibernate.engine.spi.ExecutableList@10c29fe orphanRemovals=org.hibernate.engine.spi.ExecutableList@1991ba7 collectionCreations=org.hibernate.engine.spi.ExecutableList@e674d6 collectionRemovals=org.hibernate.engine.spi.ExecutableList@b925 collectionUpdates=org.hibernate.engine.spi.ExecutableList@17b6074 collectionQueuedOps=org.hibernate.engine.spi.ExecutableList@f97d27 unresolvedInsertDependencies=UnresolvedEntityInsertActions[]])] for Hibernate transaction
2014-07-30 09:46:44 DEBUG HibernateTransactionManager:472 - Participating in existing transaction
2014-07-30 09:46:44 DEBUG ActionQueue:192 - Executing identity-insert immediately
2014-07-30 09:46:44 DEBUG SQL:109 - insert into manufacturer (contact_name, contact_number, name) values (?, ?, ?)
Hibernate: insert into manufacturer (contact_name, contact_number, name) values (?, ?, ?)
2014-07-30 09:46:44 DEBUG IdentifierGeneratorHelper:94 - Natively generated identity: 18298
2014-07-30 09:46:44 DEBUG DefaultListableBeanFactory:249 - Returning cached instance of singleton bean &apos;transactionManager&apos;
2014-07-30 09:46:44 DEBUG HibernateTransactionManager:362 - Found thread-bound Session [SessionImpl(PersistenceContext[entityKeys=[EntityKey[com.marsapps.iautomech.domain.Manufacturer#18292], EntityKey[com.marsapps.iautomech.domain.Manufacturer#18291], EntityKey[com.marsapps.iautomech.domain.Manufacturer#18294], EntityKey[com.marsapps.iautomech.domain.Manufacturer#18293], EntityKey[com.marsapps.iautomech.domain.Manufacturer#18296], EntityKey[com.marsapps.iautomech.domain.Manufacturer#18295], EntityKey[com.marsapps.iautomech.domain.Manufacturer#18298], EntityKey[com.marsapps.iautomech.domain.Manufacturer#18297], EntityKey[com.marsapps.iautomech.domain.Manufacturer#18284], EntityKey[com.marsapps.iautomech.domain.Manufacturer#18286], EntityKey[com.marsapps.iautomech.domain.Manufacturer#18285], EntityKey[com.marsapps.iautomech.domain.Manufacturer#18288], EntityKey[com.marsapps.iautomech.domain.Manufacturer#18287], EntityKey[com.marsapps.iautomech.domain.Manufacturer#18290], EntityKey[com.marsapps.iautomech.domain.Manufacturer#18289]],collectionKeys=[]];ActionQueue[insertions=org.hibernate.engine.spi.ExecutableList@1a9fcea updates=org.hibernate.engine.spi.ExecutableList@11b99c4 deletions=org.hibernate.engine.spi.ExecutableList@10c29fe orphanRemovals=org.hibernate.engine.spi.ExecutableList@1991ba7 collectionCreations=org.hibernate.engine.spi.ExecutableList@e674d6 collectionRemovals=org.hibernate.engine.spi.ExecutableList@b925 collectionUpdates=org.hibernate.engine.spi.ExecutableList@17b6074 collectionQueuedOps=org.hibernate.engine.spi.ExecutableList@f97d27 unresolvedInsertDependencies=UnresolvedEntityInsertActions[]])] for Hibernate transaction
2014-07-30 09:46:44 DEBUG HibernateTransactionManager:472 - Participating in existing transaction
2014-07-30 09:46:44 DEBUG ActionQueue:192 - Executing identity-insert immediately
2014-07-30 09:46:44 DEBUG SQL:109 - insert into manufacturer (contact_name, contact_number, name) values (?, ?, ?)
Hibernate: insert into manufacturer (contact_name, contact_number, name) values (?, ?, ?)
2014-07-30 09:46:44 DEBUG IdentifierGeneratorHelper:94 - Natively generated identity: 18299
2014-07-30 09:46:44 DEBUG DefaultListableBeanFactory:249 - Returning cached instance of singleton bean &apos;transactionManager&apos;
2014-07-30 09:46:44 DEBUG HibernateTransactionManager:362 - Found thread-bound Session [SessionImpl(PersistenceContext[entityKeys=[EntityKey[com.marsapps.iautomech.domain.Manufacturer#18292], EntityKey[com.marsapps.iautomech.domain.Manufacturer#18291], EntityKey[com.marsapps.iautomech.domain.Manufacturer#18294], EntityKey[com.marsapps.iautomech.domain.Manufacturer#18293], EntityKey[com.marsapps.iautomech.domain.Manufacturer#18296], EntityKey[com.marsapps.iautomech.domain.Manufacturer#18295], EntityKey[com.marsapps.iautomech.domain.Manufacturer#18298], EntityKey[com.marsapps.iautomech.domain.Manufacturer#18297], EntityKey[com.marsapps.iautomech.domain.Manufacturer#18284], EntityKey[com.marsapps.iautomech.domain.Manufacturer#18286], EntityKey[com.marsapps.iautomech.domain.Manufacturer#18285], EntityKey[com.marsapps.iautomech.domain.Manufacturer#18288], EntityKey[com.marsapps.iautomech.domain.Manufacturer#18287], EntityKey[com.marsapps.iautomech.domain.Manufacturer#18290], EntityKey[com.marsapps.iautomech.domain.Manufacturer#18289], EntityKey[com.marsapps.iautomech.domain.Manufacturer#18299]],collectionKeys=[]];ActionQueue[insertions=org.hibernate.engine.spi.ExecutableList@1a9fcea updates=org.hibernate.engine.spi.ExecutableList@11b99c4 deletions=org.hibernate.engine.spi.ExecutableList@10c29fe orphanRemovals=org.hibernate.engine.spi.ExecutableList@1991ba7 collectionCreations=org.hibernate.engine.spi.ExecutableList@e674d6 collectionRemovals=org.hibernate.engine.spi.ExecutableList@b925 collectionUpdates=org.hibernate.engine.spi.ExecutableList@17b6074 collectionQueuedOps=org.hibernate.engine.spi.ExecutableList@f97d27 unresolvedInsertDependencies=UnresolvedEntityInsertActions[]])] for Hibernate transaction
2014-07-30 09:46:44 DEBUG HibernateTransactionManager:472 - Participating in existing transaction
2014-07-30 09:46:44 DEBUG ActionQueue:192 - Executing identity-insert immediately
2014-07-30 09:46:44 DEBUG SQL:109 - insert into manufacturer (contact_name, contact_number, name) values (?, ?, ?)
Hibernate: insert into manufacturer (contact_name, contact_number, name) values (?, ?, ?)
2014-07-30 09:46:44 DEBUG IdentifierGeneratorHelper:94 - Natively generated identity: 18300
2014-07-30 09:46:44 DEBUG DefaultListableBeanFactory:249 - Returning cached instance of singleton bean &apos;transactionManager&apos;
2014-07-30 09:46:44 DEBUG HibernateTransactionManager:362 - Found thread-bound Session [SessionImpl(PersistenceContext[entityKeys=[EntityKey[com.marsapps.iautomech.domain.Manufacturer#18292], EntityKey[com.marsapps.iautomech.domain.Manufacturer#18291], EntityKey[com.marsapps.iautomech.domain.Manufacturer#18294], EntityKey[com.marsapps.iautomech.domain.Manufacturer#18293], EntityKey[com.marsapps.iautomech.domain.Manufacturer#18296], EntityKey[com.marsapps.iautomech.domain.Manufacturer#18295], EntityKey[com.marsapps.iautomech.domain.Manufacturer#18298], EntityKey[com.marsapps.iautomech.domain.Manufacturer#18297], EntityKey[com.marsapps.iautomech.domain.Manufacturer#18284], EntityKey[com.marsapps.iautomech.domain.Manufacturer#18286], EntityKey[com.marsapps.iautomech.domain.Manufacturer#18285], EntityKey[com.marsapps.iautomech.domain.Manufacturer#18288], EntityKey[com.marsapps.iautomech.domain.Manufacturer#18287], EntityKey[com.marsapps.iautomech.domain.Manufacturer#18290], EntityKey[com.marsapps.iautomech.domain.Manufacturer#18289], EntityKey[com.marsapps.iautomech.domain.Manufacturer#18299], EntityKey[com.marsapps.iautomech.domain.Manufacturer#18300]],collectionKeys=[]];ActionQueue[insertions=org.hibernate.engine.spi.ExecutableList@1a9fcea updates=org.hibernate.engine.spi.ExecutableList@11b99c4 deletions=org.hibernate.engine.spi.ExecutableList@10c29fe orphanRemovals=org.hibernate.engine.spi.ExecutableList@1991ba7 collectionCreations=org.hibernate.engine.spi.ExecutableList@e674d6 collectionRemovals=org.hibernate.engine.spi.ExecutableList@b925 collectionUpdates=org.hibernate.engine.spi.ExecutableList@17b6074 collectionQueuedOps=org.hibernate.engine.spi.ExecutableList@f97d27 unresolvedInsertDependencies=UnresolvedEntityInsertActions[]])] for Hibernate transaction
2014-07-30 09:46:44 DEBUG HibernateTransactionManager:472 - Participating in existing transaction
2014-07-30 09:46:44 DEBUG ActionQueue:192 - Executing identity-insert immediately
2014-07-30 09:46:44 DEBUG SQL:109 - insert into manufacturer (contact_name, contact_number, name) values (?, ?, ?)
Hibernate: insert into manufacturer (contact_name, contact_number, name) values (?, ?, ?)
2014-07-30 09:46:44 DEBUG IdentifierGeneratorHelper:94 - Natively generated identity: 18301
2014-07-30 09:46:44 DEBUG DefaultListableBeanFactory:249 - Returning cached instance of singleton bean &apos;transactionManager&apos;
[...]
2014-07-30 09:46:44 DEBUG HibernateTransactionManager:472 - Participating in existing transaction
2014-07-30 09:46:44 DEBUG ActionQueue:192 - Executing identity-insert immediately
2014-07-30 09:46:44 DEBUG SQL:109 - insert into manufacturer (contact_name, contact_number, name) values (?, ?, ?)
Hibernate: insert into manufacturer (contact_name, contact_number, name) values (?, ?, ?)
2014-07-30 09:46:44 DEBUG IdentifierGeneratorHelper:94 - Natively generated identity: 18302
2014-07-30 09:46:44 DEBUG DefaultListableBeanFactory:249 - Returning cached instance of singleton bean &apos;transactionManager&apos;
2014-07-30 09:46:44 DEBUG HibernateTransactionManager:362 - Found thread-bound Session [SessionImpl(PersistenceContext[entityKeys=[EntityKey[com.marsapps.iautomech.domain.Manufacturer#18292], EntityKey[com.marsapps.iautomech.domain.Manufacturer#18291], EntityKey[com.marsapps.iautomech.domain.Manufacturer#18294], EntityKey[com.marsapps.iautomech.domain.Manufacturer#18293], EntityKey[com.marsapps.iautomech.domain.Manufacturer#18296], EntityKey[com.marsapps.iautomech.domain.Manufacturer#18295], EntityKey[com.marsapps.iautomech.domain.Manufacturer#18298], EntityKey[com.marsapps.iautomech.domain.Manufacturer#18297], EntityKey[com.marsapps.iautomech.domain.Manufacturer#18284], EntityKey[com.marsapps.iautomech.domain.Manufacturer#18286], EntityKey[com.marsapps.iautomech.domain.Manufacturer#18285], EntityKey[com.marsapps.iautomech.domain.Manufacturer#18288], EntityKey[com.marsapps.iautomech.domain.Manufacturer#18287], EntityKey[com.marsapps.iautomech.domain.Manufacturer#18290], EntityKey[com.marsapps.iautomech.domain.Manufacturer#18289], EntityKey[com.marsapps.iautomech.domain.Manufacturer#18299], EntityKey[com.marsapps.iautomech.domain.Manufacturer#18300], EntityKey[com.marsapps.iautomech.domain.Manufacturer#18301], EntityKey[com.marsapps.iautomech.domain.Manufacturer#18302]],collectionKeys=[]];ActionQueue[insertions=org.hibernate.engine.spi.ExecutableList@1a9fcea updates=org.hibernate.engine.spi.ExecutableList@11b99c4 deletions=org.hibernate.engine.spi.ExecutableList@10c29fe orphanRemovals=org.hibernate.engine.spi.ExecutableList@1991ba7 collectionCreations=org.hibernate.engine.spi.ExecutableList@e674d6 collectionRemovals=org.hibernate.engine.spi.ExecutableList@b925 collectionUpdates=org.hibernate.engine.spi.ExecutableList@17b6074 collectionQueuedOps=org.hibernate.engine.spi.ExecutableList@f97d27 unresolvedInsertDependencies=UnresolvedEntityInsertActions[]])] for Hibernate transaction
2014-07-30 09:46:44 DEBUG HibernateTransactionManager:472 - Participating in existing transaction
2014-07-30 09:46:44 DEBUG ActionQueue:192 - Executing identity-insert immediately
2014-07-30 09:46:44 DEBUG SQL:109 - insert into manufacturer (contact_name, contact_number, name) values (?, ?, ?)
Hibernate: insert into manufacturer (contact_name, contact_number, name) values (?, ?, ?)
2014-07-30 09:46:44 DEBUG IdentifierGeneratorHelper:94 - Natively generated identity: 18303
2014-07-30 09:46:44 DEBUG AnnotationTransactionAttributeSource:108 - Adding transactional method &apos;ManufacturerServiceImpl.findLike&apos; with attribute: PROPAGATION_REQUIRED,ISOLATION_DEFAULT; &apos;&apos;
2014-07-30 09:46:44 DEBUG DefaultListableBeanFactory:249 - Returning cached instance of singleton bean &apos;transactionManager&apos;
2014-07-30 09:46:44 DEBUG HibernateTransactionManager:362 - Found thread-bound Session [SessionImpl(PersistenceContext[entityKeys=[EntityKey[com.marsapps.iautomech.domain.Manufacturer#18292], EntityKey[com.marsapps.iautomech.domain.Manufacturer#18291], EntityKey[com.marsapps.iautomech.domain.Manufacturer#18294], EntityKey[com.marsapps.iautomech.domain.Manufacturer#18293], EntityKey[com.marsapps.iautomech.domain.Manufacturer#18296], EntityKey[com.marsapps.iautomech.domain.Manufacturer#18295], EntityKey[com.marsapps.iautomech.domain.Manufacturer#18298], EntityKey[com.marsapps.iautomech.domain.Manufacturer#18297], EntityKey[com.marsapps.iautomech.domain.Manufacturer#18284], EntityKey[com.marsapps.iautomech.domain.Manufacturer#18286], EntityKey[com.marsapps.iautomech.domain.Manufacturer#18285], EntityKey[com.marsapps.iautomech.domain.Manufacturer#18288], EntityKey[com.marsapps.iautomech.domain.Manufacturer#18287], EntityKey[com.marsapps.iautomech.domain.Manufacturer#18290], EntityKey[com.marsapps.iautomech.domain.Manufacturer#18289], EntityKey[com.marsapps.iautomech.domain.Manufacturer#18299], EntityKey[com.marsapps.iautomech.domain.Manufacturer#18300], EntityKey[com.marsapps.iautomech.domain.Manufacturer#18301], EntityKey[com.marsapps.iautomech.domain.Manufacturer#18302], EntityKey[com.marsapps.iautomech.domain.Manufacturer#18303]],collectionKeys=[]];ActionQueue[insertions=org.hibernate.engine.spi.ExecutableList@1a9fcea updates=org.hibernate.engine.spi.ExecutableList@11b99c4 deletions=org.hibernate.engine.spi.ExecutableList@10c29fe orphanRemovals=org.hibernate.engine.spi.ExecutableList@1991ba7 collectionCreations=org.hibernate.engine.spi.ExecutableList@e674d6 collectionRemovals=org.hibernate.engine.spi.ExecutableList@b925 collectionUpdates=org.hibernate.engine.spi.ExecutableList@17b6074 collectionQueuedOps=org.hibernate.engine.spi.ExecutableList@f97d27 unresolvedInsertDependencies=UnresolvedEntityInsertActions[]])] for Hibernate transaction
2014-07-30 09:46:44 DEBUG HibernateTransactionManager:472 - Participating in existing transaction
2014-07-30 09:46:44 DEBUG AbstractFlushingEventListener:149 - Processing flush-time cascades
2014-07-30 09:46:44 DEBUG AbstractFlushingEventListener:189 - Dirty checking collections
2014-07-30 09:46:44 DEBUG AbstractFlushingEventListener:123 - Flushed: 0 insertions, 0 updates, 0 deletions to 20 objects
2014-07-30 09:46:44 DEBUG AbstractFlushingEventListener:130 - Flushed: 0 (re)creations, 0 updates, 0 removals to 0 collections
2014-07-30 09:46:44 DEBUG EntityPrinter:114 - Listing entities:
2014-07-30 09:46:44 DEBUG EntityPrinter:121 - com.marsapps.iautomech.domain.Manufacturer{id=18292, contactNumber=555-8, contactName=TestContactName-8, name=TestName-8, parts=null}
2014-07-30 09:46:44 DEBUG EntityPrinter:121 - com.marsapps.iautomech.domain.Manufacturer{id=18291, contactNumber=555-7, contactName=TestContactName-7, name=TestName-7, parts=null}
2014-07-30 09:46:44 DEBUG EntityPrinter:121 - com.marsapps.iautomech.domain.Manufacturer{id=18294, contactNumber=555-10, contactName=TestContactName-10, name=TestName-10, parts=null}
2014-07-30 09:46:44 DEBUG EntityPrinter:121 - com.marsapps.iautomech.domain.Manufacturer{id=18293, contactNumber=555-9, contactName=TestContactName-9, name=TestName-9, parts=null}
2014-07-30 09:46:44 DEBUG EntityPrinter:121 - com.marsapps.iautomech.domain.Manufacturer{id=18296, contactNumber=555-12, contactName=TestContactName-12, name=TestName-12, parts=null}
2014-07-30 09:46:44 DEBUG EntityPrinter:121 - com.marsapps.iautomech.domain.Manufacturer{id=18295, contactNumber=555-11, contactName=TestContactName-11, name=TestName-11, parts=null}
2014-07-30 09:46:44 DEBUG EntityPrinter:121 - com.marsapps.iautomech.domain.Manufacturer{id=18298, contactNumber=555-14, contactName=TestContactName-14, name=TestName-14, parts=null}
2014-07-30 09:46:44 DEBUG EntityPrinter:121 - com.marsapps.iautomech.domain.Manufacturer{id=18297, contactNumber=555-13, contactName=TestContactName-13, name=TestName-13, parts=null}
2014-07-30 09:46:44 DEBUG EntityPrinter:121 - com.marsapps.iautomech.domain.Manufacturer{id=18284, contactNumber=555-0, contactName=TestContactName-0, name=TestName-0, parts=null}
2014-07-30 09:46:44 DEBUG EntityPrinter:121 - com.marsapps.iautomech.domain.Manufacturer{id=18286, contactNumber=555-2, contactName=TestContactName-2, name=TestName-2, parts=null}
2014-07-30 09:46:44 DEBUG EntityPrinter:121 - com.marsapps.iautomech.domain.Manufacturer{id=18285, contactNumber=555-1, contactName=TestContactName-1, name=TestName-1, parts=null}
2014-07-30 09:46:44 DEBUG EntityPrinter:121 - com.marsapps.iautomech.domain.Manufacturer{id=18288, contactNumber=555-4, contactName=TestContactName-4, name=TestName-4, parts=null}
2014-07-30 09:46:44 DEBUG EntityPrinter:121 - com.marsapps.iautomech.domain.Manufacturer{id=18287, contactNumber=555-3, contactName=TestContactName-3, name=TestName-3, parts=null}
2014-07-30 09:46:44 DEBUG EntityPrinter:121 - com.marsapps.iautomech.domain.Manufacturer{id=18290, contactNumber=555-6, contactName=TestContactName-6, name=TestName-6, parts=null}
2014-07-30 09:46:44 DEBUG EntityPrinter:121 - com.marsapps.iautomech.domain.Manufacturer{id=18289, contactNumber=555-5, contactName=TestContactName-5, name=TestName-5, parts=null}
2014-07-30 09:46:44 DEBUG EntityPrinter:121 - com.marsapps.iautomech.domain.Manufacturer{id=18299, contactNumber=555-15, contactName=TestContactName-15, name=TestName-15, parts=null}
2014-07-30 09:46:44 DEBUG EntityPrinter:121 - com.marsapps.iautomech.domain.Manufacturer{id=18300, contactNumber=555-16, contactName=TestContactName-16, name=TestName-16, parts=null}
2014-07-30 09:46:44 DEBUG EntityPrinter:121 - com.marsapps.iautomech.domain.Manufacturer{id=18301, contactNumber=555-17, contactName=TestContactName-17, name=TestName-17, parts=null}
2014-07-30 09:46:44 DEBUG EntityPrinter:121 - com.marsapps.iautomech.domain.Manufacturer{id=18302, contactNumber=555-18, contactName=TestContactName-18, name=TestName-18, parts=null}
2014-07-30 09:46:44 DEBUG EntityPrinter:121 - com.marsapps.iautomech.domain.Manufacturer{id=18303, contactNumber=555-19, contactName=TestContactName-19, name=TestName-19, parts=null}
2014-07-30 09:46:44 DEBUG SQL:109 - select count(*) as y0_ from manufacturer this_ where (lower(this_.contact_name) like ? and lower(this_.name) like ?) limit ?, ?
Hibernate: select count(*) as y0_ from manufacturer this_ where (lower(this_.contact_name) like ? and lower(this_.name) like ?) limit ?, ?
2014-07-30 09:46:44 DEBUG HibernateTransactionManager:854 - Participating transaction failed - marking existing transaction as rollback-only
2014-07-30 09:46:44 DEBUG HibernateTransactionManager:597 - Setting Hibernate transaction on Session [SessionImpl(PersistenceContext[entityKeys=[EntityKey[com.marsapps.iautomech.domain.Manufacturer#18292], EntityKey[com.marsapps.iautomech.domain.Manufacturer#18291], EntityKey[com.marsapps.iautomech.domain.Manufacturer#18294], EntityKey[com.marsapps.iautomech.domain.Manufacturer#18293], EntityKey[com.marsapps.iautomech.domain.Manufacturer#18296], EntityKey[com.marsapps.iautomech.domain.Manufacturer#18295], EntityKey[com.marsapps.iautomech.domain.Manufacturer#18298], EntityKey[com.marsapps.iautomech.domain.Manufacturer#18297], EntityKey[com.marsapps.iautomech.domain.Manufacturer#18284], EntityKey[com.marsapps.iautomech.domain.Manufacturer#18286], EntityKey[com.marsapps.iautomech.domain.Manufacturer#18285], EntityKey[com.marsapps.iautomech.domain.Manufacturer#18288], EntityKey[com.marsapps.iautomech.domain.Manufacturer#18287], EntityKey[com.marsapps.iautomech.domain.Manufacturer#18290], EntityKey[com.marsapps.iautomech.domain.Manufacturer#18289], EntityKey[com.marsapps.iautomech.domain.Manufacturer#18299], EntityKey[com.marsapps.iautomech.domain.Manufacturer#18300], EntityKey[com.marsapps.iautomech.domain.Manufacturer#18301], EntityKey[com.marsapps.iautomech.domain.Manufacturer#18302], EntityKey[com.marsapps.iautomech.domain.Manufacturer#18303]],collectionKeys=[]];ActionQueue[insertions=org.hibernate.engine.spi.ExecutableList@1a9fcea updates=org.hibernate.engine.spi.ExecutableList@11b99c4 deletions=org.hibernate.engine.spi.ExecutableList@10c29fe orphanRemovals=org.hibernate.engine.spi.ExecutableList@1991ba7 collectionCreations=org.hibernate.engine.spi.ExecutableList@e674d6 collectionRemovals=org.hibernate.engine.spi.ExecutableList@b925 collectionUpdates=org.hibernate.engine.spi.ExecutableList@17b6074 collectionQueuedOps=org.hibernate.engine.spi.ExecutableList@f97d27 unresolvedInsertDependencies=UnresolvedEntityInsertActions[]])] rollback-only
2014-07-30 09:46:44 DEBUG TransactionalTestExecutionListener:429 - No method-level @Rollback override: using default rollback [true] for test context [DefaultTestContext@169d75d testClass = ManufacturerServiceImplTest, testInstance = com.marsapps.iautomech.service.ManufacturerServiceImplTest@114a3c6, testMethod = testPaging@ManufacturerServiceImplTest, testException = java.lang.NullPointerException, mergedContextConfiguration = [WebMergedContextConfiguration@100ab23 testClass = ManufacturerServiceImplTest, locations = &apos;{file:src/main/webapp/WEB-INF/dispatcher-servlet.xml}&apos;, classes = &apos;{}&apos;, contextInitializerClasses = &apos;[]&apos;, activeProfiles = &apos;{}&apos;, resourceBasePath = &apos;src/main/webapp&apos;, contextLoader = &apos;org.springframework.test.context.web.WebDelegatingSmartContextLoader&apos;, parent = [null]]].
2014-07-30 09:46:44 DEBUG HibernateTransactionManager:847 - Initiating transaction rollback
2014-07-30 09:46:44 DEBUG HibernateTransactionManager:571 - Rolling back Hibernate transaction on Session [SessionImpl(PersistenceContext[entityKeys=[EntityKey[com.marsapps.iautomech.domain.Manufacturer#18292], EntityKey[com.marsapps.iautomech.domain.Manufacturer#18291], EntityKey[com.marsapps.iautomech.domain.Manufacturer#18294], EntityKey[com.marsapps.iautomech.domain.Manufacturer#18293], EntityKey[com.marsapps.iautomech.domain.Manufacturer#18296], EntityKey[com.marsapps.iautomech.domain.Manufacturer#18295], EntityKey[com.marsapps.iautomech.domain.Manufacturer#18298], EntityKey[com.marsapps.iautomech.domain.Manufacturer#18297], EntityKey[com.marsapps.iautomech.domain.Manufacturer#18284], EntityKey[com.marsapps.iautomech.domain.Manufacturer#18286], EntityKey[com.marsapps.iautomech.domain.Manufacturer#18285], EntityKey[com.marsapps.iautomech.domain.Manufacturer#18288], EntityKey[com.marsapps.iautomech.domain.Manufacturer#18287], EntityKey[com.marsapps.iautomech.domain.Manufacturer#18290], EntityKey[com.marsapps.iautomech.domain.Manufacturer#18289], EntityKey[com.marsapps.iautomech.domain.Manufacturer#18299], EntityKey[com.marsapps.iautomech.domain.Manufacturer#18300], EntityKey[com.marsapps.iautomech.domain.Manufacturer#18301], EntityKey[com.marsapps.iautomech.domain.Manufacturer#18302], EntityKey[com.marsapps.iautomech.domain.Manufacturer#18303]],collectionKeys=[]];ActionQueue[insertions=org.hibernate.engine.spi.ExecutableList@1a9fcea updates=org.hibernate.engine.spi.ExecutableList@11b99c4 deletions=org.hibernate.engine.spi.ExecutableList@10c29fe orphanRemovals=org.hibernate.engine.spi.ExecutableList@1991ba7 collectionCreations=org.hibernate.engine.spi.ExecutableList@e674d6 collectionRemovals=org.hibernate.engine.spi.ExecutableList@b925 collectionUpdates=org.hibernate.engine.spi.ExecutableList@17b6074 collectionQueuedOps=org.hibernate.engine.spi.ExecutableList@f97d27 unresolvedInsertDependencies=UnresolvedEntityInsertActions[]])]
2014-07-30 09:46:44 DEBUG AbstractTransactionImpl:205 - rolling back
2014-07-30 09:46:44 DEBUG JdbcTransaction:164 - rolled JDBC Connection
2014-07-30 09:46:44 DEBUG JdbcTransaction:126 - re-enabling autocommit
2014-07-30 09:46:44 DEBUG HibernateTransactionManager:633 - Closing Hibernate Session [SessionImpl(PersistenceContext[entityKeys=[EntityKey[com.marsapps.iautomech.domain.Manufacturer#18292], EntityKey[com.marsapps.iautomech.domain.Manufacturer#18291], EntityKey[com.marsapps.iautomech.domain.Manufacturer#18294], EntityKey[com.marsapps.iautomech.domain.Manufacturer#18293], EntityKey[com.marsapps.iautomech.domain.Manufacturer#18296], EntityKey[com.marsapps.iautomech.domain.Manufacturer#18295], EntityKey[com.marsapps.iautomech.domain.Manufacturer#18298], EntityKey[com.marsapps.iautomech.domain.Manufacturer#18297], EntityKey[com.marsapps.iautomech.domain.Manufacturer#18284], EntityKey[com.marsapps.iautomech.domain.Manufacturer#18286], EntityKey[com.marsapps.iautomech.domain.Manufacturer#18285], EntityKey[com.marsapps.iautomech.domain.Manufacturer#18288], EntityKey[com.marsapps.iautomech.domain.Manufacturer#18287], EntityKey[com.marsapps.iautomech.domain.Manufacturer#18290], EntityKey[com.marsapps.iautomech.domain.Manufacturer#18289], EntityKey[com.marsapps.iautomech.domain.Manufacturer#18299], EntityKey[com.marsapps.iautomech.domain.Manufacturer#18300], EntityKey[com.marsapps.iautomech.domain.Manufacturer#18301], EntityKey[com.marsapps.iautomech.domain.Manufacturer#18302], EntityKey[com.marsapps.iautomech.domain.Manufacturer#18303]],collectionKeys=[]];ActionQueue[insertions=org.hibernate.engine.spi.ExecutableList@1a9fcea updates=org.hibernate.engine.spi.ExecutableList@11b99c4 deletions=org.hibernate.engine.spi.ExecutableList@10c29fe orphanRemovals=org.hibernate.engine.spi.ExecutableList@1991ba7 collectionCreations=org.hibernate.engine.spi.ExecutableList@e674d6 collectionRemovals=org.hibernate.engine.spi.ExecutableList@b925 collectionUpdates=org.hibernate.engine.spi.ExecutableList@17b6074 collectionQueuedOps=org.hibernate.engine.spi.ExecutableList@f97d27 unresolvedInsertDependencies=UnresolvedEntityInsertActions[]])] after transaction
2014-07-30 09:46:44 DEBUG LogicalConnectionImpl:246 - Releasing JDBC connection
2014-07-30 09:46:44 DEBUG LogicalConnectionImpl:264 - Released JDBC connection
2014-07-30 09:46:44 INFO  TransactionalTestExecutionListener:298 - Rolled back transaction after test execution for test context [DefaultTestContext@169d75d testClass = ManufacturerServiceImplTest, testInstance = com.marsapps.iautomech.service.ManufacturerServiceImplTest@114a3c6, testMethod = testPaging@ManufacturerServiceImplTest, testException = java.lang.NullPointerException, mergedContextConfiguration = [WebMergedContextConfiguration@100ab23 testClass = ManufacturerServiceImplTest, locations = &apos;{file:src/main/webapp/WEB-INF/dispatcher-servlet.xml}&apos;, classes = &apos;{}&apos;, contextInitializerClasses = &apos;[]&apos;, activeProfiles = &apos;{}&apos;, resourceBasePath = &apos;src/main/webapp&apos;, contextLoader = &apos;org.springframework.test.context.web.WebDelegatingSmartContextLoader&apos;, parent = [null]]]
2014-07-30 09:46:44 DEBUG DirtiesContextTestExecutionListener:94 - After test method: context [DefaultTestContext@169d75d testClass = ManufacturerServiceImplTest, testInstance = com.marsapps.iautomech.service.ManufacturerServiceImplTest@114a3c6, testMethod = testPaging@ManufacturerServiceImplTest, testException = java.lang.NullPointerException, mergedContextConfiguration = [WebMergedContextConfiguration@100ab23 testClass = ManufacturerServiceImplTest, locations = &apos;{file:src/main/webapp/WEB-INF/dispatcher-servlet.xml}&apos;, classes = &apos;{}&apos;, contextInitializerClasses = &apos;[]&apos;, activeProfiles = &apos;{}&apos;, resourceBasePath = &apos;src/main/webapp&apos;, contextLoader = &apos;org.springframework.test.context.web.WebDelegatingSmartContextLoader&apos;, parent = [null]]], class dirties context [false], class mode [null], method dirties context [false].
2014-07-30 09:46:44 DEBUG ServletTestExecutionListener:138 - Resetting RequestContextHolder for test context [DefaultTestContext@169d75d testClass = ManufacturerServiceImplTest, testInstance = com.marsapps.iautomech.service.ManufacturerServiceImplTest@114a3c6, testMethod = testPaging@ManufacturerServiceImplTest, testException = java.lang.NullPointerException, mergedContextConfiguration = [WebMergedContextConfiguration@100ab23 testClass = ManufacturerServiceImplTest, locations = &apos;{file:src/main/webapp/WEB-INF/dispatcher-servlet.xml}&apos;, classes = &apos;{}&apos;, contextInitializerClasses = &apos;[]&apos;, activeProfiles = &apos;{}&apos;, resourceBasePath = &apos;src/main/webapp&apos;, contextLoader = &apos;org.springframework.test.context.web.WebDelegatingSmartContextLoader&apos;, parent = [null]]].
</system-out>
  </testcase>
</testsuite>